Game open patches
Initial patches
Reading Config...
Start reading triggers
Reading 'D:\Games\GTA San Andreas VanillaZIPPED\RetroRevisedalakay\GTA San Andreas RR alakay\CLEO\Urbanize\Urbanize.dat'
Start read EXCLUSION...
Added exclusion '1268.0 -812.0 87.0 150.0 0 # Madd Dogg'
Added exclusion '1336.0 -648.0 108.0 50.0 0 # SH LS hills'
Added exclusion '2460.0 -1705.0 14.0 20.0 0 # Ryder'
Added exclusion '322.0 -1755.0 4.0 15.0 0 # SH Santa Maria Beach'
Added exclusion '-380.0 -1438.0 25.0 30.0 0 # Helena house'
Added exclusion '-1096.0 -1641.0 76.0 200.0 0 # The Truth farm'
Added exclusion '-1437.0 -1524.0 103.0 200.0 0 # SH Wetstone'
Added exclusion '-363.0 1178.0 20.0 30.0 0 # SH Fort Carson'
Added exclusion '-679.0 944.0 13.0 100.0 0 # Toreno Ranch '
Added exclusion '358.0 2522.0 18.0 300.0 0 # Verdant Meadows'
Added exclusion '875.0 -30.0 63.0 50.0 0 # Catalina house'
Added exclusion '-2048.0 157.0 32.0 40.0 0 # Doherty garage'
Added exclusion '1733.2 -1631.8 19.7 4.0 0 # Just Business cutscene'
Start read LS...
Added place 'GNBAR 2305.0 -1653.0 15.0 100.0'
Added place 'ALHAM 1837.0 -1688.0 15.0 130.0'
Added place 'LSPDP 1535.0 -1666.0 12.0 130.0'
Added place 'LSHSP 1180.0 -1328.0 13.0 120.0'
Added place 'GNBK1 2309.0 -1763.0 24.0 120.0'
Added place 'RAMDB 1842.0 -1510.0 16.0 1000.0'
Added place 'GYMSM 664.0 -1864.0 5.0 130.0'
Added place 'DCTBL 2489.132324 -1646.337769 13.184828 80.0'
Added place 'DCTBL 1835.728882 -2037.865234 12.669755 100.0'
Added place 'DCTBL 2049.604980 -1112.683838 24.546070 100.0'
Added place 'DCTBL 2290.707031 -1114.248291 37.087128 130.0'
Added place 'DCTBL 2799.959717 -2007.773438 12.630204 100.0'
Added place 'SMPR1 370.0 -1933.0 9.0 150.0'
Added place 'LSHS2 2022.0 -1429.0 13.0 110.0'
Added place 'LSFST 1751.0 -1455.0 13.0 130.0'
Added place 'GROVE 2467.0 -1665.0 14.0 100.0'
Added place 'SMBCW 245.1 -1850.5 7.0 170.0'
Added place 'SMBCE 530.0 -1893.0 7.0 170.0'
Added place 'GLNPS 1913.0 -1370.0 13.0 130.0'
Added place 'GLNPN 1971.0 -1200.0 24.0 130.0'
Added place 'VERST 1020.6 -1901.1 12.6 130.0'
Added place 'GANT1 2334.0 -1695.9 15.2 140.0'
Added place 'BEGGN 2609.8 -1614.1 3.2 140.0'
Added place 'AIRPL 1682.7 -2286.6 14.6 150.0'
Added place 'LSCEM 911.3 -1103.1 28.5 100.0'
Added place 'ROBOI 1351.7 -886.6 45.5 120.0'
Added place 'LSCT1 1883.8 -1360.8 21.8 140.0'
Added place 'IDLGS 1949.2 -1813.4 14.4 140.0'
Added place 'LASC1 2141.7 -1033.2 50.2 160.0'
Added place 'LSDNT 1009.4 -1334.2 14.1 160.0'
Added place 'SMPR2 377.0 -2030.0 9.0 160.0'
Added place 'PERSH 1483.0 -1665.0 16.0 160.0'
Added place 'ELCOR 1889.0 -2055.0 14.0 180.0'
Added place 'AIRPP 1824.0 -2294.0 20.0 200.0'
Added place 'AIRPP 1685.0 -2431.0 20.0 200.0'
Added place 'BEGWF 2555.6 -2015.1 9.6 160.0'
Added place 'ELBAR 2336.6 -1410.6 24.1 160.0'
Added place 'LSOBS 1152.0 -2034.0 66.1 150.0'
Added place 'PORT1 2654.0 -2087.6 19.9 160.0'
Added place 'PORT2 2485.8 -2090.0 15.5 160.0'
Added place 'PORT3 2673.3 -2215.2 14.4 160.0'
Added place 'PORT4 2363.1 -2283.2 14.2 160.0'
Added place 'PORT5 2225.6 -2585.2 14.3 160.0'
Added place 'PORT6 2484.4 -2448.7 16.8 160.0'
Added place 'PORT7 2428.5 -2587.5 14.0 160.0'
Added place 'PORT8 2731.6 -2451.0 13.5 160.0'
Added place 'SMVND 384.4 -1782.0 12.0 120.0'
Added place 'HOBOS 902.3 -972.6 36.0 150.0'
Start read SF...
Added place 'SFPDP -1614.0 713.0 13.0 130.0'
Added place 'SFHSP -2711.0 589.0 14.0 130.0'
Added place 'SFFST -2057.3 64.0 29.0 100.0'
Added place 'AIRPS -1501.6 -386.2 18.0 180.0'
Added place 'SFDPL -1966.7 884.9 43.8 130.0'
Added place 'OCENP -2652.3 -22.8 6.2 140.0'
Added place 'SFCHR -1957.0 1119.6 53.5 160.0'
Added place 'SFCT1 -2016.6 329.7 34.0 180.0'
Added place 'SFTRS -2530.8 1223.2 41.7 140.0'
Added place 'SFMKT -2404.8 722.7 38.0 140.0'
Added place 'MISHL -2398.0 -594.0 129.0 180.0'
Added place 'GARC1 -2221.0 43.0 38.0 120.0'
Added place 'OCFTP -2906.7 478.4 5.4 160.0'
Added place 'PIE69 -1657.0 1386.4 7.1 160.0'
Added place 'ISL69 -1504.1 1375.7 3.6 160.0'
Start read LV...
Added place 'LVPDP 2324.0 2458.0 10.0 130.0'
Added place 'LVHSP 1658.0 1784.0 10.0 120.0'
Added place 'LVFST 1763.5 2075.5 11.0 130.0'
Added place 'VROCK 2635.9 2387.4 15.0 130.0'
Added place 'ROCAE 2347.9 2310.3 11.5 180.0'
Added place 'PIMPF 2027.2 1582.1 11.1 180.0'
Added place 'TPSWA 2033.0 1178.6 12.0 180.0'
Added place 'AIRPV 1715.1 1449.8 12.0 160.0'
Added place 'LVCT1 2656.9 839.1 10.5 160.0'
Added place 'LVCT2 2486.5 1883.5 16.4 160.0'
Added place 'KACC1 2618.9 2704.2 12.3 180.0'
Added place 'BLKFC 1542.0 743.0 13.0 160.0'
Added place 'LVSCH 1173.0 1353.0 10.0 130.0'
Added place 'RANPI 1638.0 601.0 15.0 180.0'
Added place 'ROKPI 2298.9 568.0 10.0 180.0'
Added place 'PMDLV 2100.1 1285.4 15.1 160.0'
Added place 'VISAG 2118.3 1903.8 12.6 160.0'
Start read CS...
Added place 'MCHTP -2236.0 -1711.0 480.0 150.0'
Added place 'FLNTR -74.0 -1580.0 2.0 100.0'
Added place 'APHSP -2197.0 -2281.0 31.0 130.0'
Added place 'APPDP -2173.0 -2389.0 31.0 130.0'
Added place 'DLPDP 638.0 -569.0 16.0 130.0'
Added place 'MGHSP 1230.0 322.0 20.0 130.0'
Added place 'DLBAR 679.0 -474.0 16.0 130.0'
Added place 'APTRP -2064.0 -2529.3 31.4 100.0'
Added place 'APBAI -2074.0 -2457.6 34.5 130.0'
Added place 'FLNGS -101.8 -1168.9 2.7 160.0'
Added place 'WHTGS -1602.6 -2730.8 50.4 180.0'
Added place 'APNGS -2253.6 -2560.4 45.0 160.0'
Added place 'MGOGS 1382.7 448.7 21.0 160.0'
Added place 'PANO1 -732.0 -116.9 70.8 120.0'
Added place 'PANO2 -513.5 -126.3 74.9 150.0'
Added place 'PACEM 2246.1 -57.2 31.1 140.0'
Added place 'HLTOP 1026.2 -338.2 79.6 160.0'
Added place 'BCNHL -341.9 -1074.3 59.4 170.0'
Added place 'BOBBK -805.0 -2656.0 90.0 160.0'
Added place 'PALO1 2229.6 -68.3 25.6 160.0'
Added place 'EBTRP -930.0 -511.0 26.0 160.0'
Added place 'CSTLS -285.0 -2191.0 30.0 160.0'
Added place 'BAR69 16.0 -2651.0 40.0 160.0'
Added place 'FLEI1 69.0 -216.0 3.0 160.0'
Added place 'FLNR1 -601.2 -1473.9 14.7 160.0'
Added place 'FLNFN -330.7 -929.4 50.1 160.0'
Added place 'HLTPC 737.5 -269.6 10.1 160.0'
Added place 'RCRST 1551.9 26.3 24.0 160.0 '
Added place 'PALOF 1914.9 165.2 37.1 160.0'
Added place 'EBFRM -81.6 -22.8 4.6 180.0'
Added place 'TFARM -1100.0 -1140.0 140.0 250.0 '
Added place 'FLWHS -369.4 -449.1 18.9 160.0 '
Added place 'FLBEC -37.0 -1120.0 9.0 150.0'
Start read DE...
Added place 'DEAMM 795.0 1668.0 5.0 150.0'
Added place 'DEAMM -319.0 817.0 14.0 150.0'
Added place 'FCPDP -221.0 992.2 19.0 130.0'
Added place 'EQPDP -1400.0 2634.0 55.0 130.0'
Added place 'FCHSP -304.0 1054.0 20.0 130.0'
Added place 'EQHSP -1512.0 2529.0 56.0 130.0'
Added place 'ARA69 182.0 1871.0 25.0 500.0'
Added place 'LPBAR -82.0 1374.0 12.0 130.0'
Added place 'LPTRP -21.0 1349.0 10.0 100.0'
Added place 'EQNOR -1499.6 2677.6 58.6 100.0'
Added place 'BGEAR -329.9 1553.6 84.8 130.0'
Added place 'PAYA1 -203.5 2692.1 63.8 160.0'
Added place 'DEDNT -146.5 1206.1 20.0 160.0'
Added place 'EQBGS -1296.2 2677.1 51.8 160.0'
Added place 'BAYS1 -2434.0 2217.9 3.7 170.0'
Added place 'BAYV2 -2485.4 2377.4 12.7 150.0'
Added place 'FORT1 -302.0 1132.0 21.0 160.0'
Added place 'BAYSS -2253.0 2379.0 6.0 160.0'
Added place 'FTCF1 310.7 1090.1 15.4 160.0'
Added place 'FTCF2 563.0 1136.6 16.5 160.0'
Added place 'BCRHT -317.3 1291.8 43.1 160.0'
Added place 'GCRST -215.2 2634.1 64.3 160.0'
Added place 'VORCH -917.3 2679.8 42.2 160.0'
Added place 'OILF1 609.1 1399.0 11.1 180.0'
Added place 'OILF2 439.2 1337.2 10.4 180.0'
Added place 'OILF3 446.1 1500.7 10.0 180.0'
Added place 'TIRHS -1425.6 2172.0 50.2 160.0'
Start read SA...
Added place 'QUEU1 1131.0 -1133.0 24.0 120.0 0'
Added place 'QUEU1 1321.0 -1704.0 13.0 120.0 1'
Added place 'QUEU1 2462.0 -1499.0 23.0 120.0 2'
Added place 'QUEU1 -2625.0 150.0 4.0 120.0 3'
Added place 'HUNTR -711.0 -2610.0 73.0 120.0'
Added place 'HUNTR -992.0 -2419.0 73.0 120.0'
Added place 'HUNTR -636.0 -2102.0 29.0 120.0'
Added place 'HUNTR -440.0 -1685.0 11.0 120.0'
Added place 'SWEEL -628.1 -2256.1 24.2 80.0'
Added place 'SWEEL -1008.4 -1145.5 129.2 80.0'
Added place 'SWEEL 219.9 -226.0 1.7 60.0'
Added place 'SWEEL 2353.4 -646.5 128.0 80.0'
Added place 'SWEEL 1264.0 335.0 23.5 100.0'
Added place 'SWEEL -2659.7 1531.0 55.0 80.0'
Added place 'SWEEL -1290.9 -2139.6 23.4 250.0'
Added place 'SWEEL -803.9 -774.4 155.5 250.0'
Added place 'SWEEL -24.8 -36.3 3.5 200.0'
Added place 'SWEEL 1082.8 1074.3 10.2 250.0'
Added place 'SWEEL -435.1 1748.8 72.0 250.0'
Added place 'SWEEL -606.3 2348.9 116.3 250.0'
Added place 'SWEEL 301.8 2046.6 88.0 250.0'
Added place 'DPGRG 1565.0 -1629.0 13.0 120.0'
Added place 'DPGRG -1605.0 668.0 5.0 120.0'
Added place 'DPGRG 2277.0 2458.0 0.0 120.0'
Added place 'VUNLD 2445.4 -1768.0 13.3 100.0 180.0'
Added place 'VUNLD 2445.719 -1892.672 13.726 130.0 0.5'
Added place 'VUNLD 2398.124 -2014.727 13.727 130.0 269.1'
Added place 'VUNLD 2117.878 -1871.005 13.720 130.0 74.0'
Added place 'VUNLD 1912.439 -1860.820 13.735 130.0 88.3'
Added place 'VUNLD 1626.992 -1551.372 13.836 130.0 270.0'
Added place 'VUNLD 1637.846 -1900.536 13.726 130.0 269.6'
Added place 'VUNLD 1391.969 -1647.681 13.549 130.0 268.6'
Added place 'VUNLD 2445.588 -2112.404 13.722 130.0 0.9'
Added place 'VUNLD 2184.553 -2296.191 13.720 130.0 46.1'
Added place 'VUNLD 2270.622 -2341.760 13.721 130.0 317.6'
Added place 'VUNLD 2415.279 -2510.147 13.826 130.0 89.5'
Added place 'VUNLD 2503.423 -2625.143 13.822 130.0 91.0'
Added place 'VUNLD 2651.079 -2388.185 13.806 130.0 269.7'
Added place 'VUNLD 2519.982 -2433.730 13.793 130.0 225.5'
Added place 'VUNLD 2578.370 -2440.221 13.805 130.0 315.6'
Added place 'VUNLD 2205.415 -2530.557 13.720 130.0 272.2'
Added place 'VUNLD 1853.267 -1795.289 13.721 130.0 90.0'
Added place 'VUNLD 1382.430 -1895.283 13.660 130.0 88.9'
Added place 'VUNLD 957.541 -1458.491 13.675 130.0 179.7'
Added place 'VUNLD 1023.995 -1367.933 13.735 130.0 90.2'
Added place 'VUNLD 858.616 -1283.141 14.235 130.0 273.3'
Added place 'VUNLD 989.581 -1104.834 24.002 130.0 89.6'
Added place 'VUNLD 1133.401 -868.143 43.365 130.0 269.8'
Added place 'VUNLD 1803.515 -1431.621 13.595 130.0 90.2'
Added place 'VUNLD 2019.290 -1097.220 24.852 130.0 249.5'
Added place 'VUNLD 2382.162 -1476.910 24.046 130.0 269.6'
Added place 'VUNLD 2207.203 -1323.472 24.158 130.0 358.8'
Added place 'VUNLD 2420.976 -2218.504 13.720 130.0 313.9'
Added place 'VUNLD 2003.995 -2094.098 13.721 130.0 269.7'
Added place 'VUNLD 1744.095 -2063.337 13.778 130.0 180.0'
Added place 'VUNLD 361.335 -1325.716 14.733 130.0 211.0'
Added place 'VUNLD 2332.778 -2073.029 13.722 130.0 88.8'
Added place 'VUNLD -1949.3608 -1078.5784 31.1666 130.0 0.0'
Added place 'VUNLD -2272.8525 3.6108 35.7132 130.0 270.0'
Added place 'VUNLD -2718.5906 82.2845 4.5603 130.0 270.0'
Added place 'VUNLD -2757.1337 237.4833 7.5306 130.0 180.0'
Added place 'VUNLD -2542.0646 -36.9223 16.8921 130.0 180.0'
Added place 'VUNLD -2689.1707 1404.415 7.4945 130.0 168.5'
Added place 'VUNLD -2192.5463 191.319 35.7133 130.0 0.0'
Added place 'VUNLD -2213.5 422.3 35.5651 130.0 0.0'
Added place 'VUNLD -2436.0774 955.0883 45.69 130.0 270.0'
Added place 'VUNLD -2466.8586 779.9647 35.5649 130.0 90.0'
Added place 'VUNLD -2504.3599 762.7557 35.5653 130.0 270.0'
Added place 'VUNLD -1868.5685 1412.0554 7.5797 130.0 223.5'
Added place 'VUNLD -1830.5803 -11.7864 15.5102 130.0 270.0'
Added place 'VUNLD -1725.3215 -127.0147 3.9436 130.0 134.8'
Added place 'VUNLD -1863.2993 -217.7272 18.7682 130.0 270.0'
Added place 'VUNLD -2671.7446 236.6061 4.7297 130.0 90.0'
Added place 'VUNLD -2505.7739 2357.1199 5.3782 130.0 180.0'
Added place 'VUNLD 2256.8474 2763.884 10.8203 130.0 90.0'
Added place 'VUNLD 2299.893 2747.726 10.994 130.0 270.0'
Added place 'VUNLD 2351.380 2754.601 10.994 130.0 270.0'
Added place 'VUNLD 2363.683 2570.106 10.993 130.0 270.2'
Added place 'VUNLD 2128.883 2511.726 10.994 130.0 193.8'
Added place 'VUNLD 1959.302 2145.952 10.994 130.0 91.1'
Added place 'VUNLD 1743.774 2235.423 10.994 130.0 90.6'
Added place 'VUNLD 1685.699 2358.891 10.986 130.0 270.4'
Added place 'VUNLD 2821.927 2605.220 10.994 130.0 45.6'
Added place 'VUNLD 2540.204 1926.054 10.996 130.0 89.6'
Added place 'VUNLD 2609.568 1429.820 10.994 130.0 179.1'
Added place 'VUNLD 2443.700 1158.276 10.994 130.0 89.3'
Added place 'VUNLD 2494.635 1208.133 10.994 130.0 179.4'
Added place 'VUNLD 1891.296 1173.664 10.997 130.0 180.3'
Added place 'VUNLD 2025.024 2041.469 10.994 130.0 269.9'
Added place 'VUNLD 1843.770 2087.769 10.994 130.0 180.3'
Added place 'VUNLD 1743.082 1863.097 10.990 130.0 0.7'
Added place 'VUNLD 1022.880 2271.313 10.993 130.0 179.1'
Added place 'VUNLD 975.373 2169.559 10.994 130.0 268.9'
Added place 'VUNLD 1103.383 1926.222 10.994 130.0 90.1'
Added place 'VUNLD 1136.881 1920.138 10.994 130.0 269.6'
Added place 'VUNLD 953.491 1659.149 8.827 130.0 269.9'
Added place 'VUNLD 1663.545 715.887 10.993 130.0 358.7'
Added place 'VUNLD 1405.936 977.536 10.990 130.0 0.3'
Added place 'VUNLD 1371.931 1161.574 10.995 130.0 359.5'
Added place 'VUNLD 1450.851 2349.629 10.994 130.0 270.6'
Added place 'VUNLD 2833.207 899.934 10.931 130.0 0.7'
Added place 'SWEEL 922.9 189.3 45.0 180.0'
Added place 'GASST -101.9 -1174.3 2.5 160.0 0'
Added place 'GASST 1939.6 -1758.1 13.0 130.0 1'
Added place 'GASST 649.0 -561.0 16.0 130.0 2'
Added place 'GASST 1379.8 457.2 19.9 130.0 3'
Added place 'GASST -1600.2 -2724.0 48.6 180.0 4'
Added place 'GASST -2405.2 975.9 45.3 180.0 5'
Added place 'GASST -1473.6 1864.2 32.6 160.0 6'
Added place 'GASST -1331.3 2677.9 50.0 160.0 7'
Added place 'GASST 602.1 1693.2 6.9 160.0 8'
Added place 'GASST 2151.7 2747.5 10.8 130.0 9'
Added place 'GASST 1591.9 2200.0 10.8 130.0 10'
Added place 'GASST 2119.7 910.3 10.8 130.0 11'
Added place 'GASST 2634.9 1116.3 10.8 130.0 12'
Added place 'GASST -2245.7 -2563.8 31.9 130.0 13'
Added place 'BASKT 2302.2 -1527.9 26.8 150.0 0'
Added place 'BASKT 2780.9 -2013.7 14.0 150.0 1'
Added place 'BASKT 2505.3 1283.6 11.2 150.0 2'
Added place 'BASKT 2582.8 2449.0 12.8 150.0 3'
Added place 'CAREP 2390.26 -1716.4274 13.5601 130.0 0.0'
Added place 'CAREP 2015.8176 -1707.8165 13.5469 130.0 270.0'
Added place 'CAREP 1879.6323 -2023.381 13.2697 130.0 0.0'
Added place 'CAREP 1724.6715 -2096.7864 13.4364 130.0 0.0'
Added place 'CAREP 2344.5769 -1906.7819 13.5571 130.0 0.0'
Added place 'CAREP 2498.2097 -2025.6791 13.5469 130.0 180.0'
Added place 'CAREP 2645.272 -1990.0002 13.5537 130.0 0.0'
Added place 'CAREP 2503.7329 -1025.9496 70.0859 130.0 0.0'
Added place 'CAREP 2148.2112 -1237.2852 24.3809 130.0 180.0'
Added place 'CAREP 1218.2328 -1112.569 24.6283 130.0 270.0'
Added place 'CAREP 981.5126 -1523.8298 13.5565 130.0 90.0'
Added place 'CAREP 291.6901 -1172.7006 80.9099 130.0 227.0'
Added place 'CAREP 134.8041 -1490.4214 18.7554 130.0 61.0'
Added place 'CAREP 479.748 -1089.5427 82.4461 130.0 180.0'
Added place 'CAREP -95.7175 -1581.9667 2.6172 130.0 120.0'
Added place 'CAREP -83.6718 -1188.99 1.75 130.0 250.0'
Added place 'CAREP -270.1373 -2195.2644 28.7698 130.0 295.0'
Added place 'CAREP -22.5428 -2524.6885 36.6361 130.0 210.0'
Added place 'CAREP -843.6513 -2797.1941 71.1944 130.0 116.0'
Added place 'CAREP -1625.4927 -2695.4998 48.5391 130.0 48.0'
Added place 'CAREP -2237.0483 -2476.979 31.1678 130.0 322.0'
Added place 'CAREP -2124.6069 -2503.9863 30.6172 130.0 51.0'
Added place 'CAREP -1907.0685 -1703.6516 21.75 130.0 189.0'
Added place 'CAREP -2069.4309 -1148.7554 31.506 130.0 28.0'
Added place 'CAREP -2227.0498 305.7573 35.1172 130.0 180.0'
Added place 'CAREP -2506.113 375.2474 35.1171 130.0 239.0'
Added place 'CAREP -2414.4075 531.7177 29.9297 130.0 245.0'
Added place 'CAREP -2874.0112 726.6274 29.3236 130.0 100.0'
Added place 'CAREP -2494.9092 1216.9055 37.4219 130.0 142.0'
Added place 'CAREP -2439.6655 1041.5485 50.3966 130.0 270.0'
Added place 'CAREP -1655.3567 1315.1794 7.0391 130.0 135.0'
Added place 'CAREP -2575.2119 931.421 64.9844 130.0 0.0'
Added place 'CAREP -2637.5549 791.9346 49.9844 130.0 0.0'
Added place 'CAREP -2645.303 721.5246 27.9546 130.0 0.0'
Added place 'CAREP -2526.6758 2254.124 4.9653 130.0 335.0'
Added place 'CAREP -1476.0692 2691.7429 55.7234 130.0 180.0'
Added place 'CAREP -1311.3661 2702.2976 50.0625 130.0 185.0'
Added place 'CAREP -1108.8926 2115.5403 87.1991 130.0 95.0'
Added place 'CAREP -901.4805 1548.8213 25.9141 130.0 268.0'
Added place 'CAREP -742.8842 1445.4894 16.4693 130.0 91.0'
Added place 'CAREP -237.1076 2804.6824 61.5703 130.0 180.0'
Added place 'CAREP -319.1893 2676.2253 62.6326 130.0 182.0'
Added place 'CAREP 653.1881 1698.5544 6.9922 130.0 131.0'
Added place 'CAREP 506.2013 1112.4338 14.8188 130.0 0.0'
Added place 'CAREP -72.8693 970.006 19.7847 130.0 0.0'
Added place 'CAREP 888.6216 2040.2251 11.461 130.0 90.0'
Added place 'CAREP 991.5284 1938.3517 11.3078 130.0 270.0'
Added place 'CAREP 949.0414 2274.8357 11.4643 130.0 0.0'
Added place 'CAREP 1801.5934 2595.1819 10.8203 130.0 0.0'
Added place 'CAREP 2200.988 2528.8821 10.813 130.0 180.0'
Added place 'CAREP 1959.2205 2173.5093 10.8203 130.0 180.0'
Added place 'CAREP 2267.8716 2336.5535 10.8203 130.0 270.0'
Added place 'CAREP 1463.9862 2362.5674 10.8203 130.0 0.0'
Added place 'CAREP 2815.0415 2375.7344 10.8203 130.0 90.0'
Added place 'CAREP 2672.0825 1994.3243 10.8281 130.0 90.0'
Added place 'CAREP 2623.8601 2206.7517 10.8203 130.0 0.0'
Added place 'CAREP 2398.8904 1667.3783 10.8203 130.0 0.0'
Added place 'CAREP 2130.6191 889.434 10.813 130.0 0.0'
Added place 'CAREP 1916.433 697.572 10.8203 130.0 180.0'
Added place 'CAREP 2309.5833 694.4745 11.4609 130.0 0.0'
Added place 'CAREP 2076.2908 689.0966 11.2591 130.0 180.0'
Added place 'CAREP 1091.9014 1207.9735 10.8203 130.0 270.0'
Added place 'CAREP 2494.3845 129.9781 27.0267 130.0 180.0'
Added place 'CAREP 2358.407 -60.4416 27.4688 130.0 0.0'
Added place 'CAREP 1200.9742 168.8346 20.498 130.0 336.0'
Added place 'CAREP 1436.2654 383.1254 18.9188 130.0 338.0'
Added place 'CAREP 742.5496 381.1908 23.1719 130.0 280.0'
Added place 'CAREP 771.8109 -549.2895 17.0528 130.0 0.0'
Added place 'CAREP 749.1521 -582.0464 17.2333 130.0 87.0'
Added place 'CAREP 116.8752 -672.2314 6.3719 130.0 81.0'
Added place 'CAREP 250.2032 13.4919 2.4882 130.0 6.0'
Added place 'CAREP 363.1149 -80.3639 1.3828 130.0 180.0'
Added place 'CAREP 933.9677 -169.1874 10.9102 130.0 84.0'
Added place 'CAREP -561.5353 -1036.1633 24.0556 130.0 234.0'
Added place 'CAREP -1112.4513 -1329.7028 128.7071 130.0 83.0'
Added place 'CAREP -1343.0806 -2169.9058 20.9748 130.0 258.0'
Added place 'CAREP -1269.6899 -2644.5027 6.9708 130.0 273.0'
Added place 'CAREP -140.8311 737.2375 21.7674 130.0 290.0'
Added place 'CAREP -454.665 1480.1927 35.0102 130.0 185.0'
Added place 'CAREP -376.721 2469.083 39.804 130.0 311.0'
Added place 'CAREP 585.0619 2094.8108 38.1694 130.0 194.0'
Added place 'CAREP 287.5369 -54.411 1.5781 130.0 181.0'
Added place 'CAREP -49.6533 178.3821 2.4297 130.0 242.0'
Added place 'CAREP 2183.0 -1434.0 25.0 130.0 271.0'
Added place 'CAREP 2325.0 -1052.0 52.0 130.0 4.0'
Added place 'CAREP 495.0 -406.0 27.0 130.0 81.0'
Added place 'CAREP -1101.0 -2172.0 34.0 130.0 339.0'
Added place 'CAREP 362.0 1421.0 6.0 130.0 341.0'
Added place 'CAREP -439.0 1521.0 34.0 130.0 335.0'
Added place 'CAREP 337.1099 -861.796 12.0115 150.0 335.0'
Added place 'CAREP 997.785 447.9894 20.2343 150.0 150.0'
Added place 'CAREP 695.9226 226.3117 26.4775 150.0 76.0'
Added place 'CAREP 1399.5084 -315.4514 3.0978 150.0 105.0'
Added place 'CAREP 1680.7036 -106.6958 35.5465 150.0 4.0'
Added place 'CAREP 1873.3508 55.7551 35.5488 150.0 74.0'
Added place 'CAREP 1984.1244 321.2213 34.0103 150.0 95.0'
Added place 'CAREP -889.3627 -15.518 33.64 150.0 152.0'
Added place 'CAREP -362.708 -2089.1448 28.5939 150.0 190.0'
Added place 'CAREP -304.1215 -2837.929 41.9857 150.0 258.0'
Added place 'CAREP -2752.9805 -2040.4966 37.9369 150.0 243.0'
Added place 'CAREP -814.3922 -1805.0001 92.1591 150.0 317.0'
Added place 'CAREP -770.6218 -1462.8395 88.4837 150.0 180.0'
Added place 'CAREP -1363.8907 -2188.2876 22.7165 150.0 259.0'
Added place 'CAREP 120.8858 713.2813 6.0733 150.0 120.0'
Added place 'CAREP -887.855 813.6278 19.9109 150.0 200.0'
Added place 'CAREP -1224.951 1730.5367 18.1807 150.0 48.0'
Added place 'CAREP -843.8915 1831.3794 60.174 150.0 348.0'
Added place 'CAREP -445.1655 2025.5709 60.9204 150.0 315.0'
Added place 'CAREP 17.3581 2291.5566 23.8523 150.0 276.0'
Added place 'CAREP 608.2119 2724.3564 59.4816 150.0 80.0'
Added place 'CAREP 818.2615 1275.8894 25.9637 150.0 32.0'
Added place 'CAREP 2385.3044 2604.5093 6.8437 150.0 268.0'
Added place 'CAREP 2544.8545 844.6606 6.8504 150.0 292.0'
Added place 'CAREP 1778.8989 1750.4175 6.8518 150.0 180.0'
Added place 'CAREP 1713.244 -977.6995 37.6831 150.0 83.0'
Added place 'CAREP -2197.271 -534.8932 47.6415 150.0 178.0'
Added place 'CAREP -2562.0042 -474.8928 68.5722 150.0 275.0'
Added place 'CAREP -1758.5432 -1110.3741 55.3543 150.0 22.0 '
Added place 'RTAXI 2721.970703 -1663.162842 13.242150 120.0 356.837036 '
Added place 'RTAXI 2869.583984 -1443.478760 10.969358 120.0 265.969696 '
Added place 'RTAXI 2453.247803 -1937.979858 13.539130 120.0 4.031669 '
Added place 'RTAXI 1709.146973 -1261.620605 13.546850 120.0 274.051971 '
Added place 'RTAXI 1460.319946 -1388.015259 13.546850 120.0 89.752594 '
Added place 'RTAXI 1470.511353 -1028.274902 23.828112 120.0 177.659714 '
Added place 'RTAXI 1209.031860 -929.574707 42.923164 120.0 189.659851 '
Added place 'RTAXI 250.411469 -1445.696289 13.629792 120.0 38.505360 '
Added place 'RTAXI 546.5751 -1509.9218 14.632 120.0 99.735710 '
Added place 'RTAXI 1291.864014 -1649.301392 13.546925 120.0 273.519348 '
Added place 'RTAXI 1563.653931 -1775.136230 13.546863 120.0 273.519348 '
Added place 'RTAXI 995.531250 -1566.667114 13.639744 120.0 192.644363 '
Added place 'RTAXI 803.147705 -1355.422119 13.546900 120.0 95.490318 '
Added place 'RTAXI 898.044250 -1135.247925 23.828125 120.0 188.280518 '
Added place 'RTAXI 903.333252 -1792.735474 13.575478 120.0 1.126566 '
Added place 'RTAXI 1678.516968 -2200.395508 13.546875 120.0 1.126566 '
Added place 'RTAXI 1697.779541 -2372.598877 13.546875 120.0 187.104797 '
Added place 'RTAXI 1632.138794 -2324.808350 13.546875 120.0 14.125042 '
Added place 'RTAXI 1121.827515 -1389.730713 13.654749 120.0 185.772629 '
Added place 'RTAXI 415.734711 -1766.954712 5.495209 120.0 185.772629 '
Added place 'RTAXI 364.665436 -1822.809082 7.835925 120.0 276.807922 '
Added place 'RTAXI 993.496765 -1226.318237 16.929718 120.0 0.000000 '
Added place 'RTAXI 1127.835693 -1155.060791 23.828125 120.0 0.000000 '
Added place 'RTAXI 1611.076538 -1166.466309 24.078138 120.0 0.000000 '
Added place 'RTAXI 2125.161133 -1215.402344 23.968634 120.0 186.390152 '
Added place 'RTAXI 1691.760864 -1446.486816 13.546863 120.0 5.246415 '
Added place 'RTAXI 1238.221558 -1857.724365 13.546874 120.0 5.246415 '
Added place 'RTAXI 1683.988647 -1642.314941 13.539129 120.0 270.186890 '
Added place 'RTAXI 858.500732 -1600.636475 13.546838 120.0 40.040668 '
Added place 'RTAXI 621.795105 -1465.405273 14.502172 120.0 278.159943 '
Added place 'RTAXI 278.183655 -1740.471802 4.211136 120.0 351.520599 '
Added place 'RTAXI -1994.161865 -793.548767 32.171875 120.0 280.184052 '
Added place 'RTAXI -2029.606079 -1010.834412 32.17187 120.0 10.768069 '
Added place 'RTAXI -2087.366943 -299.142456 35.559174 120.0 10.768069 '
Added place 'RTAXI -2200.047607 326.067322 35.320313 120.0 195.072876 '
Added place 'RTAXI -2258.413086 112.512299 35.320313 120.0 277.192200 '
Added place 'RTAXI -2161.329834 -28.207741 35.320313 120.0 102.983894 '
Added place 'RTAXI -2152.218018 400.283417 35.260185 120.0 281.292938 '
Added place 'RTAXI -1829.032349 614.260925 35.171852 120.0 186.895523 '
Added place 'RTAXI -1705.889404 774.300964 24.890625 120.0 102.625694 '
Added place 'RTAXI -1907.359497 884.122253 35.171925 120.0 287.386963 '
Added place 'RTAXI -1847.404297 1095.092041 45.445324 120.0 8.275301 '
Added place 'RTAXI -1756.363159 857.957397 24.882837 120.0 189.980530 '
Added place 'RTAXI -1965.383301 723.326416 45.445324 120.0 5.447611 '
Added place 'RTAXI -2252.715576 513.952087 35.171875 120.0 195.000961 '
Added place 'RTAXI -2247.743164 771.224365 49.445313 120.0 99.321068 '
Added place 'RTAXI -1722.283203 694.171509 24.890625 120.0 277.699615 '
Added place 'RTAXI -1612.192505 1078.580322 7.187500 120.0 277.699615 '
Added place 'RTAXI -1866.821777 1324.854614 7.187500 120.0 45.189754 '
Added place 'RTAXI -2409.669189 1385.235352 7.187500 120.0 180.940521 '
Added place 'RTAXI -2687.066162 557.687561 14.713351 120.0 7.254450 '
Added place 'RTAXI -2667.951660 376.789276 4.367192 120.0 271.498901 '
Added place 'RTAXI -2701.237549 254.589432 4.328123 120.0 96.555969 '
Added place 'RTAXI -2609.009521 4.058912 4.320331 120.0 279.698181 '
Added place 'RTAXI -2415.747559 -143.715073 35.320324 120.0 95.803940 '
Added place 'RTAXI -2366.411621 -12.465162 35.312500 120.0 95.803940 '
Added place 'RTAXI -2581.193359 702.821228 27.960938 120.0 7.116008 '
Added place 'RTAXI -2711.430664 109.396820 4.335942 120.0 272.223572 '
Added place 'RTAXI -2803.685547 -116.011398 7.187502 120.0 95.624611 '
Added place 'RTAXI -2378.740479 913.209106 45.445313 120.0 94.635315 '
Added place 'RTAXI -2426.012207 159.830566 35.171902 120.0 263.824585 '
Added place 'RTAXI -2702.679443 -215.813370 4.335942 120.0 8.630681 '
Added place 'RTAXI -2782.572021 -334.177246 7.187500 120.0 357.628784 '
Added place 'RTAXI -2194.730713 213.941635 35.320324 120.0 190.321243 '
Added place 'RTAXI -2038.654663 557.736206 35.171875 120.0 14.261378 '
Added place 'RTAXI -1586.008667 -463.259003 6.148438 120.0 233.147568 '
Added place 'RTAXI -1398.064087 -324.834167 14.148437 120.0 115.396187 '
Added place 'RTAXI -2673.387451 -64.942459 4.335940 120.0 185.229477 '
Added place 'RTAXI 2202.563965 2016.471069 10.834880 120.0 0.000000 '
Added place 'RTAXI 2237.795166 2155.395752 10.820313 120.0 190.988281 '
Added place 'RTAXI 2056.315430 2288.791260 10.820313 120.0 194.810547 '
Added place 'RTAXI 2169.711426 2351.707764 10.820313 120.0 189.934555 '
Added place 'RTAXI 2380.807129 2407.691650 10.820313 120.0 5.516821 '
Added place 'RTAXI 2521.781982 2301.684082 10.820313 120.0 267.703522 '
Added place 'RTAXI 2467.188965 2058.779785 10.820313 120.0 185.939301 '
Added place 'RTAXI 2513.025391 1898.761353 10.820313 120.0 91.722610 '
Added place 'RTAXI 2552.882324 1669.992310 10.820313 120.0 95.430740 '
Added place 'RTAXI 2421.863037 1439.801392 10.820313 120.0 278.265930 '
Added place 'RTAXI 2421.667969 1145.263184 10.820313 120.0 278.265930 '
Added place 'RTAXI 1941.954956 1361.865234 9.257813 120.0 263.686615 '
Added place 'RTAXI 2232.971436 1277.367798 10.820313 120.0 91.642639 '
Added place 'RTAXI 2553.005371 1425.597778 10.820313 120.0 91.642639 '
Added place 'RTAXI 2032.9623 1927.8557 12.1449 120.0 255.359543 '
Added place 'RTAXI 2172.241211 1116.746460 12.682873 120.0 65.335785 '
Added place 'RTAXI 2601.856201 1153.112549 10.820313 120.0 285.813507 '
Added place 'RTAXI 2241.712646 1465.095093 10.820313 120.0 270.940186 '
Added place 'RTAXI 1724.060059 1502.238037 10.812820 120.0 260.179626 '
Added place 'RTAXI 1720.672119 1489.822388 10.820313 120.0 250.192322 '
Added place 'RTAXI 2581.992920 1958.920044 10.820313 120.0 191.172150 '
Added place 'RTAXI 2293.036621 2307.602539 10.820313 120.0 85.534546 '
Added place 'RTAXI 1443.175659 2667.882080 10.820313 120.0 357.766235 '
Added place 'RTAXI 1439.518311 2610.369141 10.820313 120.0 188.763748 '
Added place 'RTAXI 1012.958191 1397.533203 10.820313 120.0 98.916298 '
Added place 'RTAXI 1001.701843 1735.702026 10.921875 120.0 276.061523 '
Added place 'RTAXI 1350.729370 2058.819824 10.820313 120.0 190.311264 '
Added place 'RTAXI 1857.510132 2167.593506 10.820313 120.0 10.032186 '
Added place 'RTAXI 1748.117920 2058.826660 10.904699 120.0 178.862457 '
Added place 'RTAXI 1652.902588 1742.321167 10.828112 120.0 90.513130 '
Added place 'RTAXI -2166.335938 -2445.510010 30.61725 120.0 50.308159 '
Added place 'RTAXI 214.045502 -206.315521 1.578125 120.0 191.040192 '
Added place 'RTAXI 1360.533569 272.089996 19.554726 120.0 58.150909 '
Added place 'RTAXI 2338.445068 39.595154 26.484337 120.0 279.281464 '
Added place 'RTAXI -184.836197 1118.011597 19.742212 120.0 96.095680 '
Added place 'RTAXI -2518.470947 2336.607910 4.984339 120.0 199.492188 '
Added place 'RTAXI -2527.036865 2280.392578 4.984375 120.0 157.498489 '
Added place 'RTAXI 586.952454 -1577.077026 16.179737 120.0 190.215210 '
Added place 'RTAXI 421.283325 -1440.828125 31.440714 120.0 130.564468 '
Added place 'RTAXI 684.119995 -1314.033569 13.711500 120.0 189.062683 '
Added place 'RTAXI 1224.013062 -1135.367432 23.906361 120.0 193.502594 '
Added place 'RTAXI 1337.257935 -1311.127197 13.546874 120.0 278.599121 '
Added place 'RTAXI 1299.226563 -1389.951782 13.492538 120.0 191.588562 '
Added place 'RTAXI 1201.760132 -1524.427124 13.537109 120.0 81.070015 '
Added place 'RTAXI 1116.710205 -1706.559082 13.546838 120.0 183.071106 '
Added place 'RTAXI 1600.256348 -1877.885986 13.539083 120.0 8.014179 '
Added place 'RTAXI 1861.415283 -1099.212158 23.828163 120.0 272.814758 '
Added place 'RTAXI 1816.191895 -1665.854370 13.546925 120.0 276.377289 '
Added place 'RTAXI 1437.850220 -1510.912720 13.541008 120.0 265.814636 '
Added place 'RTAXI 1297.439209 -2062.300049 58.587734 120.0 357.830994 '
Added place 'RTAXI -2221.233398 -75.874390 35.320313 120.0 0.000000 '
Added place 'RTAXI -2152.081299 258.419952 35.320313 120.0 274.007019 '
Added place 'RTAXI -2426.699219 -5.580872 35.320324 120.0 279.984406 '
Added place 'RTAXI -2495.862793 -8.603642 25.765587 120.0 97.695198 '
Added place 'RTAXI -2601.131592 512.518127 14.609412 120.0 101.094498 '
Added place 'RTAXI -2265.639160 -146.089859 35.320313 120.0 278.165375 '
Added place 'RTAXI -2336.247559 -184.819962 35.320313 120.0 189.241959 '
Added place 'RTAXI -2246.403564 274.689728 35.320313 120.0 95.660919 '
Added place 'RTAXI -1952.805908 597.954468 35.171925 120.0 4.840629 '
Added place 'RTAXI -1531.889648 797.376282 7.187500 120.0 85.376320 '
Added place 'RTAXI -1721.646729 1346.250000 7.187500 120.0 128.330811 '
Added place 'RTAXI -2176.338867 1340.752075 7.187500 120.0 186.218674 '
Added place 'RTAXI -2852.065674 1243.715088 5.608795 120.0 227.001144 '
Added place 'RTAXI -2802.747314 890.844971 44.054737 120.0 93.535904 '
Added place 'RTAXI -2859.211914 430.073730 4.500000 120.0 268.212402 '
Added place 'RTAXI -2442.265381 713.765259 35.171875 120.0 188.952606 '
Added place 'RTAXI -2394.681396 768.684692 35.171875 120.0 283.557953 '
Added place 'RTAXI -2274.569092 883.372803 66.648438 120.0 283.557953 '
Added place 'RTAXI -2152.064453 630.656006 52.367226 120.0 283.557953 '
Added place 'RTAXI -2184.734131 573.882690 35.171875 120.0 187.741928 '
Added place 'RTAXI -2334.507324 402.372711 35.164043 120.0 238.166412 '
Added place 'RTAXI -2410.216309 259.315582 35.171925 120.0 85.857605 '
Added place 'RTAXI -1755.244507 1196.457520 25.119370 120.0 190.319916 '
Added place 'RTAXI -2060.880859 1085.068604 55.718750 120.0 180.687347 '
Added place 'RTAXI -1996.124023 876.726685 45.445301 120.0 99.376213 '
Added place 'RTAXI 1101.065796 1198.632080 10.820313 120.0 186.532928 '
Added place 'RTAXI 1332.702148 1187.777344 10.820313 120.0 5.220465 '
Added place 'RTAXI 1512.932251 1064.224243 10.820313 120.0 90.284073 '
Added place 'RTAXI 1561.883911 989.348999 10.820313 120.0 274.844666 '
Added place 'RTAXI 1679.413208 1267.647461 10.812508 120.0 358.903473 '
Added place 'RTAXI 1976.759766 1267.617554 10.820313 120.0 358.903473 '
Added place 'RTAXI 1981.046143 1413.637939 9.257813 120.0 270.129242 '
Added place 'RTAXI 1916.509521 1458.830200 10.820313 120.0 175.178574 '
Added place 'RTAXI 1974.161621 1707.883545 10.820313 120.0 3.365526 '
Added place 'RTAXI 1607.525757 1867.720947 10.820313 120.0 3.365526 '
Added place 'RTAXI 1624.028320 2089.644043 10.671875 120.0 103.433685 '
Added place 'RTAXI 1645.654419 2178.906250 10.820313 120.0 177.693405 '
Added place 'RTAXI 1561.830566 2203.748779 10.820313 120.0 276.100098 '
Added place 'RTAXI 1561.764771 2339.417969 10.820313 120.0 276.100098 '
Added place 'RTAXI 1381.885864 2349.641602 10.820313 120.0 276.100098 '
Added place 'RTAXI 1360.576294 2595.219727 10.812517 120.0 187.139008 '
Added place 'RTAXI 1538.894043 2791.108643 10.812517 120.0 271.260010 '
Added place 'RTAXI 1801.024048 2718.750977 10.820313 120.0 175.654190 '
Added place 'RTAXI 2172.905518 2778.869385 10.820313 120.0 175.654190 '
Added place 'RTAXI 2315.438232 2718.708496 10.820313 120.0 175.654190 '
Added place 'RTAXI 2316.546143 2518.840088 10.820313 120.0 175.654190 '
Added place 'RTAXI 2277.884766 2130.941895 10.820313 120.0 0.489904 '
Added place 'RTAXI 2466.676514 2130.991455 10.820313 120.0 0.489904 '
Added place 'RTAXI 2415.036621 2155.176025 10.820313 120.0 192.876373 '
Added place 'RTAXI 2571.627686 2118.892090 10.820313 120.0 192.876373 '
Added place 'RTAXI 2421.850586 1296.269287 10.820313 120.0 277.016052 '
Added place 'RTAXI 2467.447266 1067.636475 10.820313 120.0 12.310381 '
Added place 'RTAXI 2152.428955 1198.926636 10.820313 120.0 187.420059 '
Added place 'RTAXI 2181.866943 1294.124023 10.820313 120.0 280.093811 '
Added place 'RTAXI 2157.627197 1538.821899 10.820313 120.0 181.273193 '
Added place 'RTAXI 2141.115723 1767.572266 10.820313 120.0 1.830455 '
Added place 'RTAXI 2287.926758 1898.658325 10.820313 120.0 197.037033 '
Added place 'RTAXI 2423.647949 2004.116577 10.820313 120.0 90.347023 '
Added place 'RTAXI 1921.715576 2203.990479 10.820313 120.0 270.185730 '
Added place 'RTAXI 1721.719604 2219.048096 10.820313 120.0 270.185730 '
Added place 'RTAXI 1701.689209 1959.425903 10.820313 120.0 270.185730 '
Added place 'RTAXI 2447.680176 -1937.768311 13.539130 120.0 0.000000 1 '
Added place 'RTAXI 2522.045410 -1772.702271 13.546838 120.0 273.595184 1 '
Added place 'RTAXI 2775.433350 -1961.020386 13.546875 120.0 104.944374 1 '
Added place 'RTAXI 2648.940430 -1627.338989 10.881923 120.0 96.599434 1 '
Added place 'RTAXI 2428.816895 -1250.707031 23.834900 120.0 191.189667 1 '
Added place 'RTAXI 2376.728027 -1210.396484 27.429649 120.0 96.247200 1 '
Added place 'RTAXI 2361.748291 -1518.361450 24.000038 120.0 188.990494 1 '
Added place 'RTAXI 2556.791992 -1468.199585 24.009344 120.0 93.424248 1 '
Added place 'RTAXI 2185.587402 -1014.345093 62.819958 120.0 355.996185 1 '
Added place 'RTAXI 2236.602051 -1144.329346 25.796900 120.0 355.996185 1 '
Added place 'RTAXI 2087.539795 -1917.585205 13.546838 120.0 92.365677 1 '
Added place 'RTAXI 1967.450195 -2095.573486 13.554333 120.0 92.267159 1 '
Added place 'RTAXI 1908.670654 -1926.578491 13.546850 120.0 190.527740 1 '
Added place 'RTAXI -2081.361816 -47.513393 35.275669 120.0 98.932144 1 '
Added place 'RTAXI -2185.803223 314.560333 35.320313 120.0 6.374480 1 '
Added place 'RTAXI -2324.667236 -184.684525 35.320313 120.0 188.719467 1 '
Added place 'RTAXI -2598.560791 60.367428 4.335942 120.0 103.709122 1 '
Added place 'RTAXI -2671.961426 -76.167366 4.335940 120.0 2.328682 1 '
Added place 'RTAXI -2431.029541 416.057831 35.125664 120.0 38.493996 1 '
Added place 'RTAXI -2426.927246 104.448944 35.171902 120.0 271.667847 1 '
Added place 'RTAXI -2496.500488 2336.891846 4.983923 120.0 182.715271 1 '
Added place 'RTAXI -2338.797363 2366.648926 5.543405 120.0 57.751614 1 '
Added place 'RTAXI -104.825066 1092.394165 19.742201 120.0 359.747040 1 '
Added place 'RTAXI -201.470398 1066.830811 19.742212 120.0 281.146332 1 '
Added place 'RTAXI 1047.219604 1367.451782 10.812508 120.0 0.754396 1 '
Added place 'RTAXI 1028.042114 1807.251709 10.820313 120.0 0.000000 1 '
Added place 'RTAXI 1548.285156 2179.006836 10.820313 120.0 184.442886 1 '
Added place 'RTAXI 1659.240723 2267.272217 10.820313 120.0 4.778018 1 '
Added place 'RTAXI 1948.931274 2277.215332 10.820313 120.0 4.778018 1 '
Added place 'RTAXI 2004.015991 2399.011719 10.820313 120.0 178.245834 1 '
Added place 'RTAXI 2498.859131 2130.642578 10.820313 120.0 0.000000 1 '
Added place 'RTAXI 2530.458984 1947.285034 10.820313 120.0 0.000000 1 '
Added place 'RTAXI 2238.179932 2027.672852 10.820313 120.0 191.697006 1 '
Added place 'RTAXI 2433.300781 1743.464844 10.820313 120.0 93.338409 1 '
Added place 'RTAXI 2471.408447 1619.013062 10.820313 120.0 186.708878 1 '
Added place 'RTAXI 2492.136230 1367.444946 10.820313 120.0 10.386268 1 '
Added place 'RTAXI 2601.800293 1231.020386 10.820313 120.0 278.154175 1 '
Added place 'RTAXI 2514.685791 958.772034 10.820313 120.0 183.729126 1 '
Added place 'BDANC 461.615417 -1788.876221 5.546873 100.0 0.0    '
Added place 'BDANC 1126.369263 -1548.739136 22.749037 100.0 173.0'
Added place 'BDANC 1322.494507 -1161.550903 23.828125 100.0 173.0'
Added place 'BDANC 2658.533203 -1643.755737 10.860694 100.0 274.0'
Added place 'BDANC 2304.314453 -1402.599731 23.981951 100.0 99.0 '
Added place 'BDANC -2223.258789 288.498474 35.320301 100.0 184.0 '
Added place 'BDANC -2871.746094 438.783966 4.954433 100.0 89.0   '
Added place 'BDANC -2639.014160 1236.70117 50.935326 100.0 13.0 '
Added place 'BDANC -1523.039795 808.847412 7.187500 100.0 100.0  '
Added place 'BDANC 1450.401978 2267.481934 11.023438 100.0 80.0  '
Added place 'BDANC 1028.485840 1713.860352 10.820313 100.0 69.0  '
Added place 'BDANC 1763.930054 -1098.497925 24.085985 100.0 187.0'
Added place 'BDANC 2799.1042 -2032.9086 13.5547 120.0 0.0'
Added place 'BCHPT 527.0 -1930.0 4.0 220.0'
Added place 'BCHPT 2872.0 -2157.0 4.0 220.0'
Added place 'APCRW 1876.8 -2428.4 20.0 190.0 0'
Added place 'APCRW -1430.6 -109.5 20.0 190.0 1'
Added place 'APCRW 1555.3 1551.8 20.0 190.0 2'
Added place 'AIRPL 1.0 1.0 100.0 5000.0 0'
Added place 'AIRPL 1.0 1.0 100.0 5000.0 1'
Added place 'AIRPL 1.0 1.0 100.0 5000.0 2'
Added place 'AIRPL -77.0 -65.0 30.0 1200.0 3'
Added place 'HELIS 1758.0 -1493.0 80.0 2000.0 0'
Added place 'HELIS -2045.0 635.0 120.0 2000.0 1'
Added place 'HELIS 1882.0 2201.0 100.0 2000.0 2'
Added place 'HELIS -791.0 1801.0 120.0 4000.0 3'
Added place 'HELIS -1439.0 -2190.0 37.0 2000.0 4'
Added place 'GANGM 2776.4 -1618.9579 10.9219 130.0 126.0 5.0'
Added place 'GANGM 2586.9 -1322.9648 40.15 100.0 282.0 2.0'
Added place 'GANGM 2606.1079 -1399.6382 35.4313 100.0 202.6 5.0'
Added place 'GANGM -2440.0417 1037.5153 50.3966 150.0 72.4463 3.0'
Added place 'GANGM 2334.3657 -1947.8529 13.5766 130.0 252.09 2.0'
Added place 'GANGM 2400.7 -1470.9487 23.9517 130.0 79.8043 2.0'
Added place 'GANGM 2393.7285 -1221.4988 26.7575 130.0 17.9205 2.0'
Added place 'GANGM 2422.3008 -1369.8867 24.6199 130.0 98.5812 2.0'
Added place 'GANGM 2497.3394 -1309.3268 34.8606 130.0 101.268 2.0'
Added place 'GANGM 2681.9048 -1330.6863 42.8672 130.0 304.2865 2.0'
Added place 'GANGM 277.1405 -1458.2876 28.1935 130.0 305.7696 2.0'
Added place 'GANGM 2332.2808 -1264.0349 27.9693 130.0 242.4992 2.0'
Added place 'GANGM 2678.281 -1109.2026 69.3422 130.0 131.5548 2.0'
Added place 'GANGM 2512.3181 -1468.3558 24.0178 130.0 108.8145 2.0'
Added place 'GANGM 2104.9512 -1262.2372 23.9953 130.0 265.1459 2.0'
Added place 'GANGM 2539.8691 -1232.2806 43.6562 130.0 2.1235 2.0'
Added place 'GANGM 2337.9639 -1320.3776 24.0991 130.0 150.7782 2.0'
Added place 'GANGM 2167.3132 -1609.5228 14.3505 130.0 354.7369 2.0'
Added place 'GANGM 2114.2124 -1725.0238 13.5516 130.0 236.4757 -2.0 '
Added place 'GANGM 2092.3623 -1194.7506 23.8622 130.0 262.9299 -2.0 '
Added place 'GANGM 820.3493 -1010.8776 27.8295 130.0 342.3139 2.0'
Added place 'GANGM 1208.198 -984.7172 43.4766 130.0 328.8403 2.0'
Added place 'GANGM 1423.0006 -1314.1473 13.5547 130.0 350.2873 2.0'
Added place 'GANGM -2291.0549 170.325 35.3056 130.0 126.4718 2.0'
Added place 'GANGM -2446.791 -85.5493 34.1741 130.0 167.6756 2.0'
Added place 'GANGM -2454.4248 -25.6718 32.8047 130.0 24.011 2.0'
Added place 'GANGM -2126.5164 -39.7141 35.3281 130.0 119.1087 2.0'
Added place 'GANGM -2534.0581 -56.9928 21.2187 130.0 78.2185 2.0'
Added place 'GANGM -2654.7317 -162.2149 4.0815 130.0 350.9778 2.0'
Added place 'GANGM -2310.6919 -27.0576 35.3203 130.0 241.7802 2.0'
Added place 'GANGM -2188.8464 368.9594 35.3203 130.0 94.2456 2.0'
Added place 'GANGM -2060.3855 -44.2837 35.3281 130.0 260.8075 2.0'
Added place 'GANGM -2178.3425 638.0066 49.4375 130.0 246.0808 2.0'
Added place 'GANGM -2207.6921 717.3153 49.4127 130.0 183.4136 2.0'
Added place 'GANGM -2102.2366 657.899 52.3671 130.0 67.7925 2.0'
Added place 'GANGM -2158.4026 657.0683 52.3785 130.0 29.0955 2.0'
Added place 'GANGM -2209.9717 582.2684 35.164 130.0 346.6384 2.0'
Added place 'GANGM -2289.2605 580.7902 35.1671 130.0 71.7092 2.0'
Added place 'GANGM -1981.9678 481.4886 29.0156 130.0 172.9405 2.0'
Added place 'GANGM -2300.2227 1155.9583 53.5469 130.0 171.5311 2.0'
Added place 'GANGM -2179.3777 1228.3368 33.9297 130.0 177.5311 2.0'
Added place 'GANGM -1731.9623 1247.2589 7.5469 130.0 222.4951 2.0'
Added place 'GANGM -1708.4735 1207.7311 25.109 130.0 26.347 2.0'
Added place 'GANGM -1681.5336 1097.8643 54.7032 130.0 190.0652 2.0'
Added place 'GANGM -1630.9395 895.9858 10.3445 130.0 172.5418 2.0'
Added place 'GANGM -1828.9192 641.0576 30.4313 130.0 349.7101 2.0'
Added place 'GANGM 2014.3519 2311.1521 10.8203 130.0 332.1869 2.0'
Added place 'GANGM 1949.8857 2328.6851 10.8203 130.0 249.4895 2.0'
Added place 'GANGM 2508.2766 2291.2607 10.8203 130.0 81.1176 2.0'
Added place 'GANGM 2259.3918 2325.7693 10.8203 130.0 144.8815 2.0'
Added place 'GANGM 2359.7246 691.0657 11.4604 130.0 166.995 2.0'
Added place 'GANGM 2570.04 1147.3519 10.8203 130.0 286.8593 2.0'
Added place 'GANGM -2484.8599 66.4415 25.624 130.0 153.8718 2.0'
Added place 'GANGM -2461.5654 -161.4013 25.78 130.0 274.6628 2.0'
Added place 'GANGM -2707.8394 1331.145 7.0387 160.0 344.6468 2.0'
Added place 'GANGM 1984.2954 -2062.947 13.3728 130.0 243.1363 -3.0 '
Added place 'GANGM 1918.3284 -1884.1332 13.5176 130.0 95.4219 3.0'
Added place 'GANGM 2108.4146 -1937.9558 13.5469 130.0 90.2753 3.0'
Added place 'GANGM 2497.9827 -2026.427 13.5469 130.0 179.1296 3.0'
Added place 'GANGM 2730.0496 -1935.947 13.5394 130.0 268.2505 3.0'
Added place 'GANGM 2860.5461 -2017.6365 10.9346 130.0 356.9258 -3.0 '
Added place 'GANGM 2106.2542 -1367.3185 23.9844 130.0 1.0698 3.0'
Added place 'GANGM 2228.0508 -1351.0767 23.9859 130.0 272.2995 -3.0 '
Added place 'GANGM 2166.1 -1505.9897 23.9272 130.0 170.0912 3.0'
Added place 'GANGM 2396.6536 -1543.2406 24.0 130.0 181.0119 -3.0'
Added place 'GANGM 425.014 -1802.1473 5.5469 130.0 90.8439 -3.0 '
Added place 'GANGM 1132.9683 -1689.4379 13.7074 130.0 90.374 -3.0 '
Added place 'GANGM 2148.8279 -1166.234 23.8204 130.0 89.6637 3.0'
Added place 'GANGM 2205.6541 -1157.1105 25.7372 130.0 89.928 3.0'
Added place 'GANGM 1976.4399 -1692.1233 15.9688 130.0 89.2076 3.0'
Added place 'GANGM 2163.7876 -1792.9114 13.3593 130.0 87.798 3.0'
Added place 'GANGM -2512.6887 359.4404 35.1171 130.0 63.8284 3.0'
Added place 'GANGM -2412.1384 944.9393 45.328 130.0 89.8828 3.0'
Added place 'GANGM -1861.1338 -175.7697 9.2355 130.0 86.9771 3.0'
Added place 'GANGM -2043.0598 1228.3384 31.6484 130.0 265.3985 3.0'
Added place 'GANGM -1638.2946 1296.8357 7.0353 130.0 315.243 3.0'
Added place 'GANGM -1753.3103 88.9361 3.5547 130.0 182.4119 3.0'
Added place 'GANGM -2487.979 2291.3616 4.9844 130.0 91.7009 3.0'
Added place 'GANGM 1539.2728 2258.1467 10.8203 130.0 358.9539 3.0'
Added place 'GANGM 1906.8057 2103.4595 10.8203 130.0 0.9904 3.0'
Added place 'GANGM 2351.7932 1412.1907 10.8281 130.0 270.0362 3.0'
Added place 'GANGM -2052.7463 1143.2521 45.4453 130.0 180.3255 -3.0'
Added place 'GANGM 2809.4668 -1832.0667 9.9214 130.0 267.7805 -5.0 '
Added place 'GANGM 1782.1676 -1692.2816 13.4536 130.0 270.7586 5.0'
Added place 'GANGM 681.2307 -1544.5919 14.8604 130.0 270.6759 -5.0 '
Added place 'GANGM 2594.6536 -1110.6455 67.4768 130.0 137.5316 5.0'
Added place 'GANGM 2468.8547 -1553.973 24.0026 130.0 183.0519 5.0 '
Added place 'GANGM 1977.0724 -1580.5591 13.5945 130.0 37.664 5.0'
Added place 'GANGM 1205.9709 -1112.4998 24.6348 130.0 25.8676 5.0'
Added place 'GANGM -1707.7438 387.5233 7.1872 130.0 31.8294 5.0'
Added place 'GANGM -2636.5232 1341.8943 7.1473 130.0 104.8371 -5.0 '
Added place 'GANGM -2146.8909 -461.7675 35.3359 130.0 134.2913 5.0'
Added place 'GANGM 1595.3566 2251.8757 10.8203 130.0 110.9716 5.0'
Added place 'GANGM 1857.4005 2242.5181 10.8203 130.0 178.6521 5.0'
Added place 'GANGM 1979.2363 2465.6843 10.8204 130.0 87.048 5.0'
Added place 'GANGM 2069.251 2225.5386 10.8203 130.0 358.3504 5.0'
Added place 'GANGM 2392.7966 993.8829 10.8203 130.0 270.0363 5.0'
Added place 'GANGM 2275.168 2062.3293 10.8203 130.0 0.1333 5.0'
Added place 'GANGM 2090.7285 -1576.9371 13.2313 130.0 8.4485 5.0'
Added place 'GANGM -2186.7129 971.7498 80.0 130.0 180.5054 5.0'
Added place 'GANGM 2697.1685 -1112.4136 69.5 100.0 30.0 3.0'
Added place 'BALCO 169.200455 -1769.294556 11.315116 100.0 190.729172 0'
Added place 'BALCO 169.239182 -1758.778198 11.182007 100.0 12.088432 1'
Added place 'BALCO 264.035666 -1766.564888 7.4297777 100.0 179.6985 5'
Added place 'BALCO 491.266602 -1621.443726 38.434177 100.0 11.458365 1'
Added place 'BALCO 462.343628 -1622.862061 42.448521 100.0 3.844308 2'
Added place 'BALCO 513.217285 -1646.466187 34.388184 100.0 243.719925 5'
Added place 'BALCO 313.228058 -1543.901245 47.656605 100.0 252.549942 0'
Added place 'BALCO 331.835907 -1513.383545 44.546791 100.0 202.751633 5'
Added place 'BALCO 335.993333 -1409.224777 32.532222 100.0 201.526672 4'
Added place 'BALCO 462.134949 -1340.176392 24.242201 100.0 33.007015 5'
Added place 'BALCO 494.406006 -1159.990479 71.627335 100.0 203.852829 5'
Added place 'BALCO 1502.458496 -687.002258 99.182434 100.0 190.814850 0'
Added place 'BALCO 972.503174 -865.382263 95.566299 100.0 190.814850 5'
Added place 'BALCO 981.267639 -784.590576 108.737823 100.0 217.680115 5'
Added place 'BALCO 988.874878 -673.700134 125.557640 100.0 29.660200 6'
Added place 'BALCO 587.020996 -1160.674072 53.180122 100.0 211.808578 5'
Added place 'BALCO 316.476624 -1165.250122 85.125000 100.0 248.571335 1'
Added place 'BALCO 255.196350 -1216.479126 79.685905 100.0 228.719406 0'
Added place 'BALCO 249.396072 -1274.429321 78.178085 100.0 38.281380 6'
Added place 'BALCO 289.671906 -1138.333618 85.125000 100.0 38.215969 0'
Added place 'BALCO 894.202271 -1514.258301 18.536179 100.0 185.279160 0'
Added place 'BALCO 814.624084 -1505.468262 18.527981 100.0 349.836914 6'
Added place 'BALCO 784.677002 -1448.063354 19.464544 100.0 273.990326 1'
Added place 'BALCO 1177.819824 -1266.251709 18.943695 100.0 198.770859 0'
Added place 'BALCO 2052.019043 -1290.772095 29.735472 100.0 281.994720 0'
Added place 'BALCO 2043.616577 -1328.321899 33.374107 100.0 170.254150 1'
Added place 'BALCO 2750.560791 -1217.130981 68.293221 100.0 81.440422 6'
Added place 'BALCO 2756.495605 -1182.627930 73.819206 100.0 357.057373 1'
Added place 'BALCO 2805.347412 -1245.673096 53.474728 100.0 170.879883 5'
Added place 'BALCO 2783.159912 -1326.078735 38.953087 100.0 275.058655 7'
Added place 'BALCO 2807.397217 -1350.475830 32.201031 100.0 102.154900 0'
Added place 'BALCO 2852.439941 -1342.882690 17.020348 100.0 272.097076 5'
Added place 'BALCO -2734.914063 -15.607164 7.201044 100.0 0.000000 5'
Added place 'BALCO -2735.718994 -88.285088 10.203278 100.0 16.462322 0'
Added place 'BALCO -2776.756104 182.507401 10.060454 100.0 151.793320 8'
Added place 'BALCO -2677.147217 924.837646 83.171898 100.0 82.472885 5'
Added place 'BALCO -2199.851074 723.656433 70.545227 100.0 0.000000 8'
Added place 'BALCO -2276.800537 931.341797 91.452850 100.0 271.819366 7'
Added place 'BALCO -2079.992432 977.103027 70.374977 100.0 168.510422 6'
Added place 'BALCO -2015.784302 898.056030 55.389023 100.0 275.559662 1'
Added place 'BALCO -1982.781006 1188.746704 57.229027 100.0 175.314392 5'
Added place 'BALCO -1949.603394 1188.874268 67.180725 100.0 184.365936 7'
Added place 'BALCO -1993.272827 1274.013916 14.384890 100.0 14.983143 5'
Added place 'BALCO -2432.620850 815.942078 47.178368 100.0 194.668503 0'
Added place 'BALCO -2476.977051 815.731873 51.404858 100.0 178.578476 1'
Added place 'BALCO 2542.044678 724.611755 14.852466 100.0 0.000000 0'
Added place 'BALCO 2655.106201 739.461121 14.730660 100.0 93.719788 1'
Added place 'BALCO 2520.910400 752.637085 14.762779 100.0 93.719788 1'
Added place 'BALCO 2649.699219 708.566711 14.818074 100.0 187.458542 5'
Added place 'BALCO 2533.351807 1395.988525 14.942122 100.0 282.695496 5'
Added place 'BALCO 2480.761475 1432.906494 14.942121 100.0 189.877625 1'
Added place 'BALCO 2438.747070 1400.437866 15.105192 100.0 80.796581 0'
Added place 'BALCO 2450.964355 1457.819092 14.942121 100.0 0.660051 8'
Added place 'BALCO 2536.069824 1097.350586 16.109364 100.0 98.915367 0'
Added place 'BALCO 2810.279785 2089.837402 13.211911 100.0 80.216125 1'
Added place 'BALCO 2829.520996 2129.292236 14.658484 100.0 184.653015 1'
Added place 'BALCO 2799.429443 2232.741211 14.729236 100.0 274.708191 6'
Added place 'BALCO 2826.669678 2279.986816 14.782658 100.0 17.155565 0'
Added place 'BALCO 1696.033691 1980.895874 13.291219 100.0 275.300873 1'
Added place 'BALCO 1660.033325 1887.937988 13.357173 100.0 182.287888 6'
Added place 'BALCO 1516.189453 1887.855957 13.383547 100.0 184.028961 6'
Added place 'BALCO 1564.311768 1935.431152 13.409560 100.0 184.028961 6'
Added place 'BALCO 1653.508667 1976.225342 13.351007 100.0 184.028961 1'
Added place 'BALCO 1685.620117 1911.582275 13.373497 100.0 3.586596 6'
Added place 'BALCO 1591.512085 1887.767944 13.388381 100.0 193.813217 0'
Added place 'BALCO 1553.876587 1993.470215 14.685781 100.0 274.985474 3'
Added place 'BALCO 1464.664795 2021.833862 14.803264 100.0 194.481613 0'
Added place 'BALCO 1419.336182 2006.540039 14.814374 100.0 272.397919 5'
Added place 'BALCO 1403.091675 1993.691895 14.675982 100.0 88.639938 1'
Added place 'BALCO 1958.256958 2630.223145 13.486533 100.0 12.004083 0'
Added place 'BALCO 1928.879395 2630.148193 13.375131 100.0 22.029142 6'
Added place 'BALCO 1778.925171 2634.493408 13.484282 100.0 99.861443 7'
Added place 'BALCO 1797.775513 2589.494873 13.494884 100.0 19.803371 0'
Added place 'BALCO 1877.587280 2647.206299 13.228474 100.0 189.737610 1'
Added place 'BALCO 1796.287720 2565.697021 13.473831 100.0 179.860947 7'
Added place 'BALCO -1824.91377 540.7522222 150.81255 100.0 300.860947 4'
Added place 'BALCO 1039.221313 -1058.687012 37.514328 100.0 0.000000 7'
Added place 'BALCO 1098.356934 -1021.711060 37.451374 100.0 181.979370 5'
Added place 'BALCO 1238.729126 -1020.829834 36.314724 100.0 181.979370 3'
Added place 'BALCO 1295.272705 -907.459106 46.666206 100.0 181.979370 7'
Added place 'GUARD -2622.7 1413.1808 7.0937 100.0 193.9436 4.0 0'
Added place 'GUARD -2765.3262 378.946 6.3392 100.0 270.0465 6.75 1'
Added place 'GUARD -2001.0995 -1022.2363 32.1719 100.0 0.2122 26.8 1'
Added place 'GUARD -2551.8296 191.1736 6.0469 100.0 103.858 4.1 0'
Added place 'GUARD -1884.37 822.8395 35.1704 100.0 44.9322 5.0 1'
Added place 'GUARD -1967.751 639.1638 46.5625 100.0 0.2329 24.6 1'
Added place 'GUARD -2055.1582 464.5152 35.1719 100.0 303.3032 8.3 1'
Added place 'GUARD 476.1772 -1498.8275 20.481 100.0 261.5775 0 0'
Added place 'GUARD 1248.1842 -1130.927 23.8343 100.0 179.4866 8.6 0'
Added place 'GUARD 1469.0051 -1179.8969 23.8502 100.0 43.5005 6.3 1'
Added place 'GUARD 1569.5345 -1334.8754 16.4844 100.0 314.1911 0 1'
Added place 'GUARD 1550.4052 -1272.3845 17.4062 100.0 129.8018 10.6 1'
Added place 'GUARD 1311.9371 -1368.3252 13.5503 100.0 180.2608 0 1'
Added place 'GUARD 1412.8435 -1698.3531 13.5395 100.0 234.0083 0 1'
Added place 'GUARD 1477.2837 -1772.053 18.7957 100.0 359.8463 7.4 0 1'
Added place 'GUARD 1798.7653 -1575.7301 14.0625 100.0 221.6506 0 0'
Added place 'GUARD 1836.7574 -1677.7225 13.3346 100.0 104.0049 0 0'
Added place 'GUARD 1457.851 2775.0959 10.8203 100.0 275.2781 0 0'
Added place 'GUARD 2245.9839 2524.4678 10.8203 100.0 178.1671 0 0'
Added place 'GUARD 2372.7729 2169.4917 10.8248 100.0 130.4068 0 0'
Added place 'GUARD 2314.2061 2114.2358 10.8281 100.0 0.4192 8.2 0'
Added place 'GUARD 2505.1416 2120.6758 10.8399 100.0 0.2743 0 0'
Added place 'GUARD 2169.1685 2163.5532 10.8203 100.0 149.2891 0 0'
Added place 'GUARD 2238.2451 1282.8827 10.8203 100.0 90.2486 0 1'
Added place 'GUARD 2184.4888 1109.8685 12.6485 100.0 62.9186 8.3 1'
Added place 'GUARD 1474.2183 2249.9526 11.0234 100.0 316.7094 0 0'
Added place 'GUARD 2505.4094 1243.4186 10.8203 100.0 0.0 0 0'
Added place 'GUARD 2423.2837 -1219.7682 25.5225 100.0 180.0 0 0'
Added place 'PATRL 2183.6855 -2308.5764 15.8443 80.0 1'
Added place 'PATRL 1704.5803 -1888.0381 14.6327 80.0 2'
Added place 'PATRL 897.7939 -946.7935 44.9697  80.0 3'
Added place 'PATRL 988.5548 -673.5109 122.8915 80.0 4'
Added place 'PATRL 1477.5994 -701.5906 96.0735 140.0 5'
Added place 'PATRL 301.7142 -1109.5839 86.2424 110.0 6'
Added place 'PATRL 184.8684 -1339.6755 66.573 80.0 7'
Added place 'PATRL 923.971 -1232.9097 20.4669 110.0 8'
Added place 'PATRL -486.743 -548.5386 22.6248 140.0 9'
Added place 'PATRL -1048.0677 -574.321 33.6933 140.0 10'
Added place 'PATRL -1052.3049 -670.4463 34.5131 140.0 11'
Added place 'PATRL -2134.1116 -868.2222 34.0645 140.0 12'
Added place 'PATRL -1955.8568 -790.1295 33.571 140.0 13'
Added place 'PATRL -1962.3435 -918.863 31.8849 140.0 14'
Added place 'PATRL -2467.9377 473.7928 28.4361 140.0 15'
Added place 'PATRL -2449.6782 569.4174 22.3216 140.0 16'
Added place 'PATRL -1890.0306 1024.2069 46.8943 110.0 17'
Added place 'PATRL 230.0332 1410.772 11.6878 140.0 18'
Added place 'PATRL 208.5765 1435.994 12.8232 140.0 19'
Added place 'PATRL 1364.3395 1134.3558 11.0767 140.0 20'
Added place 'PATRL 1423.1399 1045.3896 11.3009 140.0 21'
Added place 'PATRL 1685.6221 958.7127 11.3441 140.0 22'
Added place 'PATRL 1343.7913 1584.6995 11.3488 140.0 23'
Added place 'PATRL 1406.8296 2054.3687 12.3372 140.0 24'
Added place 'PATRL 1123.8848 1915.5424 11.8472 140.0 25'
Added place 'PATRL 982.3502 2113.9788 12.0173 80.0 26'
Added place 'PATRL 1463.1995 2367.9932 11.1028 110.0 27'
Added place 'PATRL 2333.6309 2755.9119 12.3253 110.0 28'
Added place 'PATRL -2617.5789 -266.1334 12.4578 140.0 29'
Added place 'PATRL 1662.0253 725.2427 12.2191 110.0 30'
Added place 'CHFFR 547.1249 -1473.8879 14.7649 140.0 2.0 1'
Added place 'CHFFR 610.3292 -1450.0389 14.2561 140.0 179.0 0'
Added place 'CHFFR 1026.2999 -980.8042 42.7231 140.0 276.0 0'
Added place 'CHFFR 1556.4426 -1793.5111 13.5469 140.0 179.0 0'
Added place 'CHFFR 2817.071 -1087.2397 30.7417 140.0 180.0 1'
Added place 'CHFFR -2792.5444 -337.7732 7.1821 140.0 272.0 1'
Added place 'CHFFR -2413.6082 330.335 34.9755 140.0 153.0 1'
Added place 'CHFFR -2455.8467 138.8454 34.9609 140.0 225.0 1'
Added place 'CHFFR 2125.6604 2356.6091 10.6719 140.0 91.0 1'
Added place 'CHFFR 2034.2504 1911.9141 12.1783 140.0 180.0 1'
Added place 'CHFFR 2196.3142 1286.217 10.8203 140.0 1.0 1'
Added place 'CHFFR 2039.4633 1163.7793 10.6719 140.0 177.0 1'
Added place 'OFFRD -2462.0 -1741.0 440.0 250.0 0'
Added place 'OFFRD -2794.0 -1719.0 140.0 200.0 1'
Added place 'OFFRD -2572.0 -1857.0 260.0 200.0 2'
Added place 'OFFRD -701.4 -2095.0 30.1 300.0 3'
Added place 'OFFRD -330.8 -1147.7 45.0 250.0 4'
Added place 'OFFRD -1445.5 -1089.3 140.0 250.0 5'
Added place 'OFFRD 888.562 212.0813 33.2 300.0 6'
Added place 'OFFRD 2611.9 -584.8 86.1 300.0 7'
Added place 'OFFRD -987.4 1534.9 33.2 300.0 8'
Added place 'GRPMT -2557.4902 -1104.8663 175.5799 160.0 0'
Added place 'GRPMT -2405.2354 -1955.0614 303.4655 160.0 1'
Added place 'GRPMT -2374.1809 -2186.4478 33.4127 160.0 1'
Added place 'GRPMT -2378.0676 -1389.3828 359.3215 160.0 0'
Added place 'GRPMT -1725.5033 2435.3923 69.045 160.0 1'
Added place 'GRPMT -1970.882 2268.9092 18.1278 160.0 1'
Added place 'GRPMT 2029.2623 -526.4877 78.7758 160.0 2'
Added place 'GRPMT -1294.6794 -2183.0046 20.9078 180.0 2'
Added place 'GRPMT -669.5978 -824.5604 98.3726 120.0 0'
Added place 'BEACH 214.4 -1833.1 6.0 180.0 0'
Added place 'BEACH 304.8 -1838.6 6.0 180.0 1'
Added place 'BEACH 461.0 -1855.4 6.0 180.0 2'
Added place 'BEACH 555.0 -1862.4 6.0 180.0 3'
Added place 'BEACH 668.8 -1879.3 6.0 160.0 4'
Added place 'BEACH -2914.8 -531.5 6.0 180.0 5'
Added place 'BEACH -2903.8 -355.2 6.0 180.0 6'
Added place 'BEACH -2895.0 -172.5 6.0 180.0 7'
Added place 'BEACH -2892.2 -26.3 6.0 180.0 8'
Added place 'BEACH -2889.9 109.7 6.0 180.0 9'
Added place 'BEACH -2891.3 239.7 6.0 180.0 10'
Added place 'BEACH -2915.5 369.5 6.0 180.0 11'
Start read IN...
Added place 'IGANB 502.0 -75.0 998.0 50.0 11'
Added place 'IALHA 491.0 -14.0 1000.0 50.0 17'
Added place 'ISFSC -2034.0 -115.0 1035.0 50.0 3'
Added place 'ISWEP 376.719666 -132.407852 1001.492188 40.0 5 335.9'
Added place 'ISWEP 376.184784 -7.907923 1001.851563 40.0 9 0.0'
Added place 'ISWEP 363.446716 -58.140099 1001.507813 40.0 10 75.4'
Added place 'ISWEP 205.475967 -4.698980 1005.210938 40.0 5 29.0'
Added place 'ISWEP -28.483370 -11.197046 1003.557251 40.0 4 340.1'
Added place 'ISWEP -15.915634 -86.431473 1003.546875 40.0 18 259.8'
Added place 'ISWEP -20.079691 -55.684719 1003.546875 40.0 6 353.2'
Added place 'IFOOD 374.8544 -126.2649 1001.4995 30.0 5 1'
Added place 'IFOOD 368.789 -6.857 1001.8516 30.0 9 2'
Added place 'IFOOD 368.5266 -70.3181 1001.5078 40.0 10 3'
Start read OBJ...
Added 'TABL1' for obj model 643 chances 30%
Removed ped attractor from object model 643
Added 'TABL1' for obj model 1281 chances 30%
There is no effects in object model 1281
Added 'TABL1' for obj model 1432 chances 30%
There is no effects in object model 1432
Added 'LOUG1' for obj model 1255 chances 40%
Removed ped attractor from object model 1255
Added 'LOUG1' for obj model 1646 chances 70%
There is no effects in object model 1646
Added 'LOUG1' for obj model 1645 chances 70%
There is no effects in object model 1645
Added 'LOUG1' for obj model 1647 chances 70%
There is no effects in object model 1647
Added 'BENCH' for obj model 1256 chances 30%
Removed ped attractor from object model 1256
Added 'BENCH' for obj model 1280 chances 30%
Removed ped attractor from object model 1280
Added 'BENCH' for obj model 1368 chances 40%
Removed ped attractor from object model 1368
Added 'BENCH' for obj model 3657 chances 25%
There is no effects in object model 3657
Added 'STAL1' for obj model 3861 chances 100%
There is no ped attractor in object model 3861
Added 'STAL1' for obj model 3862 chances 100%
There is no ped attractor in object model 3862
Added 'STAL1' for obj model 3863 chances 100%
There is no ped attractor in object model 3863
Added 'STAL1' for obj model 3860 chances 100%
There is no ped attractor in object model 3860
Added 'STAL1' for obj model 1570 chances 100%
There is no effects in object model 1570
Added 'PHONE' for obj model 1216 chances 70%
There is no effects in object model 1216
Added 'PHONE' for obj model 1363 chances 70%
There is no effects in object model 1363
Added 'TELSC' for obj model 951 chances 70%
There is no effects in object model 951
Added 'BUYFD' for obj model 1340 chances 100%
There is no ped attractor in object model 1340
Added 'BUYFD' for obj model 1341 chances 100%
There is no effects in object model 1341
Added 'BUYFD' for obj model 1342 chances 100%
There is no ped attractor in object model 1342
Added 'BUYFD' for obj model 1776 chances 100%
There is no ped attractor in object model 1776
Added 'BUYFD' for obj model 1209 chances 100%
There is no effects in object model 1209
Added 'BUYFD' for obj model 955 chances 100%
There is no ped attractor in object model 955
Added 'BUYFD' for obj model 1775 chances 100%
There is no ped attractor in object model 1775
Added 'BUYFD' for obj model 1977 chances 100%
There is no ped attractor in object model 1977
Added 'BUYFD' for obj model 956 chances 100%
There is no ped attractor in object model 956
Start read PED...
Added ped 'BEGA1 0x30000 0x8 80'
Added ped 'LEAN1 0x821FB6D8 0x8 30'
Added ped 'UMBRL 0xBE0CFFF0 0x80 10000'
Start read NODE...
Added node 'CHAT1 0x0 0x8 7'
Added node 'SWEEP 0x5FF15 0x41 3'
Done reading triggers.
Init scripts event
Reading Models...
Start reading models from CLEO\Urbanize\_Models\_Default Objects.dat
Start read Alcoholic...
Added object model 1509 for style 0
Start read Smoke...
Added object model 1485 for style 1
Start read BeachUmbrella...
Added object model 642 for style 2
Done reading models.
Start reading models from CLEO\Urbanize\_Models\_Default Peds.dat
Start read Vendor...
Added char model 168 for style 0
Added char model 209 for style 0
Start read Scientist...
Added char model 70 for style 1
Start read Skater...
Added char model 23 for style 2
Start read Worker...
Added char model 27 for style 3
Added char model 260 for style 3
Start read Airport...
Added char model 16 for style 4
Start read Mechanic...
Added char model 50 for style 5
Start read Guard...
Added char model 71 for style 6
Added char model 253 for style 6
Added char model 24 for style 6
Added char model 25 for style 6
Start read Trail...
Added char model 26 for style 7
Start read MountBiker...
Added char model 51 for style 8
Added char model 52 for style 8
Start read Camper...
Added char model 72 for style 9
Added char model 90 for style 9
Added char model 96 for style 9
Added char model 136 for style 9
Added char model 151 for style 9
Added char model 206 for style 9
Added char model 218 for style 9
Added char model 220 for style 9
Added char model 221 for style 9
Added char model 222 for style 9
Added char model 225 for style 9
Added char model 231 for style 9
Added char model 233 for style 9
Added char model 235 for style 9
Start read Hunter...
Added char model 34 for style 10
Added char model 35 for style 10
Added char model 133 for style 10
Added char model 161 for style 10
Added char model 202 for style 10
Start read Young...
Added char model 23 for style 11
Added char model 13 for style 11
Added char model 19 for style 11
Added char model 22 for style 11
Added char model 48 for style 11
Added char model 56 for style 11
Added char model 60 for style 11
Added char model 101 for style 11
Added char model 170 for style 11
Added char model 181 for style 11
Added char model 188 for style 11
Added char model 241 for style 11
Added char model 226 for style 11
Start read Gardener...
Added char model 69 for style 12
Start read BikerGang...
Added char model 247 for style 13
Added char model 248 for style 13
Added char model 100 for style 13
Start read BoxCarrier...
Added char model 206 for style 14
Added char model 202 for style 14
Start read RuralWorker...
Added char model 158 for style 15
Added char model 159 for style 15
Added char model 160 for style 15
Added char model 161 for style 15
Start read DesertWorker...
Added char model 34 for style 16
Added char model 133 for style 16
Added char model 202 for style 16
Added char model 132 for style 16
Start read Business...
Added char model 17 for style 17
Added char model 40 for style 17
Added char model 57 for style 17
Added char model 147 for style 17
Added char model 141 for style 17
Added char model 150 for style 17
Added char model 187 for style 17
Added char model 186 for style 17
Added char model 227 for style 17
Start read CivilWorker...
Added char model 15 for style 18
Added char model 44 for style 18
Added char model 48 for style 18
Added char model 58 for style 18
Added char model 95 for style 18
Added char model 206 for style 18
Start read BreakDanceLS...
Added char model 19 for style 19
Added char model 241 for style 19
Start read BreakDanceSF...
Added char model 143 for style 20
Added char model 19 for style 20
Start read BreakDanceLV...
Added char model 183 for style 21
Added char model 241 for style 21
Start read SmallAirplanePilot...
Added char model 185 for style 22
Start read MediumAirplanePilot...
Added char model 185 for style 23
Start read BigAirplanePilot...
Added char model 61 for style 24
Start read CityHeliPilot...
Added char model 186 for style 25
Start read CheapHeliPilot...
Added char model 234 for style 26
Start read RescueHeliPilot...
Added char model 250 for style 27
Start read ParticularGuard...
Added char model 71 for style 28
Start read CrossBiker...
Added char model 170 for style 29
Added char model 60 for style 29
Done reading models.
Start reading models from CLEO\Urbanize\_Models\_Default Vehicles.dat
Start read Harley...
Added vehicle model 463 for style 0
Start read GhettoBike...
Added vehicle model 481 for style 2
Start read Camp...
Added vehicle model 508 for style 3
Added vehicle model 483 for style 3
Start read MountBike...
Added vehicle model 510 for style 4
Start read OffRoad...
Added vehicle model 500 for style 5
Added vehicle model 554 for style 5
Added vehicle model 424 for style 5
Added vehicle model 468 for style 5
Added vehicle model 471 for style 5
Added vehicle model 489 for style 5
Added vehicle model 568 for style 5
Start read UnloadVan...
Added vehicle model 456 for style 6
Added vehicle model 414 for style 6
Start read CarRepair...
Added vehicle model 496 for style 7
Added vehicle model 517 for style 7
Added vehicle model 401 for style 7
Added vehicle model 419 for style 7
Added vehicle model 410 for style 7
Added vehicle model 491 for style 7
Added vehicle model 466 for style 7
Added vehicle model 566 for style 7
Start read CarRepairCountry...
Added vehicle model 478 for style 8
Added vehicle model 500 for style 8
Added vehicle model 404 for style 8
Added vehicle model 479 for style 8
Added vehicle model 542 for style 8
Added vehicle model 543 for style 8
Start read SmallAirplane...
Added vehicle model 593 for style 9
Added vehicle model 511 for style 9
Start read MediumAirplane...
Added vehicle model 511 for style 10
Added vehicle model 519 for style 10
Start read BigAirplane...
Added vehicle model 577 for style 11
Start read CityHeli...
Added vehicle model 487 for style 12
Start read CheapHeli...
Added vehicle model 469 for style 13
Start read RescueHeli...
Added vehicle model 563 for style 14
Start read Chauffeur...
Added vehicle model 409 for style 15
Start read Motocross...
Added vehicle model 468 for style 16
Start read Quadcross...
Added vehicle model 471 for style 17
Done reading models.
Initializing mod scripts
Cleaning all
Started script 'Urbanize\Urbanize - Root.cs' pointer 4294D0E8
OK processing mod
There is no effects in object model 1216
There is no effects in object model 1432
There is no ped attractor in object model 955
There is no effects in object model 1280
There is no effects in object model 643
There is no ped attractor in object model 956
There is no effects in object model 1341
