FxNameRegistry v26.1 reset. Maps FxSystemBP name keys to .fxs/default names; keeps first loaded entry and logs duplicates/invalid systems.
REGISTER key=05DE7C5B name="bcwaved" source=custom-loaded loaded=1 path="models\effects\beach_effects\bcwaved.fxs"
REGISTER key=E50B9545 name="bcwaven" source=custom-loaded loaded=1 path="models\effects\beach_effects\bcwaven.fxs"
REGISTER key=04201300 name="shaded" source=custom-loaded loaded=1 path="models\effects\beach_effects\shaded.fxs"
REGISTER key=C8D37193 name="shaded2" source=custom-loaded loaded=1 path="models\effects\beach_effects\shaded2.fxs"
REGISTER key=BFD44105 name="shaded3" source=custom-loaded loaded=1 path="models\effects\beach_effects\shaded3.fxs"
REGISTER key=85BDB3B6 name="shade_dr" source=custom-loaded loaded=1 path="models\effects\beach_effects\shade_dr.fxs"
REGISTER key=A6F0DF2A name="shorlined" source=custom-loaded loaded=1 path="models\effects\beach_effects\shorlined.fxs"
REGISTER key=27C295FE name="shorlined_loner" source=custom-loaded loaded=1 path="models\effects\beach_effects\shorlined_loner.fxs"
REGISTER key=46253634 name="shorlinen" source=custom-loaded loaded=1 path="models\effects\beach_effects\shorlinen.fxs"
REGISTER key=83B2CAB0 name="shorlinen_loner" source=custom-loaded loaded=1 path="models\effects\beach_effects\shorlinen_loner.fxs"
REGISTER key=130DC52E name="csblood" source=custom-loaded loaded=1 path="models\effects\csblood\csblood.fxs"
REGISTER key=48B1AB34 name="exhaust" source=custom-loaded loaded=1 path="models\effects\exhaust\exhaust.fxs"
REGISTER key=8FEF223F name="heli_dust" source=custom-loaded loaded=1 path="models\effects\heli_dust\heli_dust.fxs"
REGISTER key=1EC29D57 name="lighter" source=custom-loaded loaded=1 path="models\effects\lighter\lighter.fxs"
REGISTER key=85048570 name="lightspark" source=custom-loaded loaded=1 path="models\effects\lightspark\lightspark.fxs"
REGISTER key=73624EEC name="main_wtfx" source=custom-loaded loaded=1 path="models\effects\main_wtfx\main_wtfx.fxs"
REGISTER key=56D7181E name="ocean_refl" source=custom-loaded loaded=1 path="models\effects\ocean_refl\ocean_refl.fxs"
REGISTER key=825DEA2B name="ocean_waves" source=custom-loaded loaded=1 path="models\effects\ocean_waves\ocean_waves.fxs"
REGISTER key=6454CA08 name="prt_wake" source=custom-loaded loaded=1 path="models\effects\prt_wake\prt_wake.fxs"
REGISTER key=C67A7D01 name="prt_watersplash" source=custom-loaded loaded=1 path="models\effects\prt_watersplash\prt_watersplash.fxs"
REGISTER key=BF2ACA92 name="spraycanp" source=custom-loaded loaded=1 path="models\effects\spraycanp\spraycanp.fxs"
REGISTER key=806F01EE name="sun_sparks" source=custom-loaded loaded=1 path="models\effects\sun_sparks\sun_sparks.fxs"
REGISTER key=A2C2A415 name="thunder" source=custom-loaded loaded=1 path="models\effects\thunder\thunder.fxs"
REGISTER key=260D35EA name="water_ripples" source=custom-loaded loaded=1 path="models\effects\water_ripples\water_ripples.fxs"
REGISTER key=C6693376 name="water_splash" source=custom-loaded loaded=1 path="models\effects\water_splash\water_splash.fxs"
REGISTER key=873275C7 name="water_splash_big" source=custom-loaded loaded=1 path="models\effects\water_splsh_big\water_splsh_big.fxs"
REGISTER key=2B931AE0 name="water_swim" source=custom-loaded loaded=1 path="models\effects\water_swim\water_swim.fxs"
REGISTER key=D882D908 name="prt_blood" source=default-loaded loaded=1 path="models\effects.fxp"
REGISTER key=E669E147 name="prt_boatsplash" source=default-loaded loaded=1 path="models\effects.fxp"
REGISTER key=572E8B81 name="prt_bubble" source=default-loaded loaded=1 path="models\effects.fxp"
REGISTER key=967D3DFA name="prt_cardebris" source=default-loaded loaded=1 path="models\effects.fxp"
REGISTER key=FA050E61 name="prt_collisionsmoke" source=default-loaded loaded=1 path="models\effects.fxp"
REGISTER key=7F58A3E8 name="prt_glass" source=default-loaded loaded=1 path="models\effects.fxp"
REGISTER key=96944E44 name="prt_gunshell" source=default-loaded loaded=1 path="models\effects.fxp"
REGISTER key=E146998C name="prt_sand" source=default-loaded loaded=1 path="models\effects.fxp"
REGISTER key=2C38D812 name="prt_sand2" source=default-loaded loaded=1 path="models\effects.fxp"
REGISTER key=60420A5D name="prt_smokeII_3_expand" source=default-loaded loaded=1 path="models\effects.fxp"
REGISTER key=17629C46 name="prt_smoke_huge" source=default-loaded loaded=1 path="models\effects.fxp"
REGISTER key=FA80D39A name="prt_spark" source=default-loaded loaded=1 path="models\effects.fxp"
REGISTER key=61800B65 name="prt_spark_2" source=default-loaded loaded=1 path="models\effects.fxp"
REGISTER key=06366E86 name="prt_splash" source=default-loaded loaded=1 path="models\effects.fxp"
DUPLICATE key=6454CA08 keptName="prt_wake" keptSource=custom-loaded keptPath="models\effects\prt_wake\prt_wake.fxs" ignoredName="prt_wake" ignoredSource=default-skipped-by-custom ignoredLoaded=0 ignoredPath="models\effects.fxp"
DUPLICATE key=C67A7D01 keptName="prt_watersplash" keptSource=custom-loaded keptPath="models\effects\prt_watersplash\prt_watersplash.fxs" ignoredName="prt_watersplash" ignoredSource=default-skipped-by-custom ignoredLoaded=0 ignoredPath="models\effects.fxp"
REGISTER key=1E616B4C name="prt_wheeldirt" source=default-loaded loaded=1 path="models\effects.fxp"
REGISTER key=6EB08BE5 name="boat_prop" source=default-loaded loaded=1 path="models\effects.fxp"
REGISTER key=F2CDE849 name="camflash" source=default-loaded loaded=1 path="models\effects.fxp"
REGISTER key=6C4963BA name="exhale" source=default-loaded loaded=1 path="models\effects.fxp"
REGISTER key=9A700887 name="explosion_fuel_car" source=default-loaded loaded=1 path="models\effects.fxp"
REGISTER key=ED0F3C2F name="explosion_large" source=default-loaded loaded=1 path="models\effects.fxp"
REGISTER key=A8A34D35 name="explosion_medium" source=default-loaded loaded=1 path="models\effects.fxp"
REGISTER key=5367AC61 name="explosion_molotov" source=default-loaded loaded=1 path="models\effects.fxp"
REGISTER key=C121FF82 name="explosion_small" source=default-loaded loaded=1 path="models\effects.fxp"
REGISTER key=30794133 name="explosion_tiny" source=default-loaded loaded=1 path="models\effects.fxp"
REGISTER key=37189987 name="extinguisher" source=default-loaded loaded=1 path="models\effects.fxp"
REGISTER key=91B41B84 name="fire" source=default-loaded loaded=1 path="models\effects.fxp"
REGISTER key=885D7669 name="fire_bike" source=default-loaded loaded=1 path="models\effects.fxp"
REGISTER key=F85CC762 name="fire_car" source=default-loaded loaded=1 path="models\effects.fxp"
REGISTER key=69155D66 name="fire_large" source=default-loaded loaded=1 path="models\effects.fxp"
REGISTER key=627A9A3D name="fire_med" source=default-loaded loaded=1 path="models\effects.fxp"
REGISTER key=6C53C627 name="flamethrower" source=default-loaded loaded=1 path="models\effects.fxp"
REGISTER key=63822CC0 name="gunflash" source=default-loaded loaded=1 path="models\effects.fxp"
REGISTER key=850A9AB9 name="gunsmoke" source=default-loaded loaded=1 path="models\effects.fxp"
DUPLICATE key=8FEF223F keptName="heli_dust" keptSource=custom-loaded keptPath="models\effects\heli_dust\heli_dust.fxs" ignoredName="heli_dust" ignoredSource=default-skipped-by-custom ignoredLoaded=0 ignoredPath="models\effects.fxp"
REGISTER key=90E194E9 name="jetpack" source=default-loaded loaded=1 path="models\effects.fxp"
REGISTER key=EDD28A84 name="jetthrust" source=default-loaded loaded=1 path="models\effects.fxp"
REGISTER key=ADA83874 name="molotov_flame" source=default-loaded loaded=1 path="models\effects.fxp"
REGISTER key=3D591CC6 name="nitro" source=default-loaded loaded=1 path="models\effects.fxp"
REGISTER key=1A88F2D7 name="overheat_car" source=default-loaded loaded=1 path="models\effects.fxp"
REGISTER key=3E5ED887 name="overheat_car_electric" source=default-loaded loaded=1 path="models\effects.fxp"
REGISTER key=716A0FB0 name="riot_smoke" source=default-loaded loaded=1 path="models\effects.fxp"
REGISTER key=FAAB8463 name="spraycan" source=default-loaded loaded=1 path="models\effects.fxp"
REGISTER key=5798AEAE name="tank_fire" source=default-loaded loaded=1 path="models\effects.fxp"
REGISTER key=80DE2565 name="teargas" source=default-loaded loaded=1 path="models\effects.fxp"
REGISTER key=CB5D30B6 name="teargasAD" source=default-loaded loaded=1 path="models\effects.fxp"
REGISTER key=AC54D203 name="water_hydrant" source=default-loaded loaded=1 path="models\effects.fxp"
DUPLICATE key=260D35EA keptName="water_ripples" keptSource=custom-loaded keptPath="models\effects\water_ripples\water_ripples.fxs" ignoredName="water_ripples" ignoredSource=default-skipped-by-custom ignoredLoaded=0 ignoredPath="models\effects.fxp"
REGISTER key=8D84BF3E name="water_speed" source=default-loaded loaded=1 path="models\effects.fxp"
DUPLICATE key=C6693376 keptName="water_splash" keptSource=custom-loaded keptPath="models\effects\water_splash\water_splash.fxs" ignoredName="water_splash" ignoredSource=default-skipped-by-custom ignoredLoaded=0 ignoredPath="models\effects.fxp"
DUPLICATE key=873275C7 keptName="water_splash_big" keptSource=custom-loaded keptPath="models\effects\water_splsh_big\water_splsh_big.fxs" ignoredName="water_splash_big" ignoredSource=default-skipped-by-custom ignoredLoaded=0 ignoredPath="models\effects.fxp"
REGISTER key=50DE6ED7 name="water_splsh_sml" source=default-loaded loaded=1 path="models\effects.fxp"
DUPLICATE key=2B931AE0 keptName="water_swim" keptSource=custom-loaded keptPath="models\effects\water_swim\water_swim.fxs" ignoredName="water_swim" ignoredSource=default-skipped-by-custom ignoredLoaded=0 ignoredPath="models\effects.fxp"
REGISTER key=4235F0AD name="cigarette_smoke" source=default-loaded loaded=1 path="models\effects.fxp"
REGISTER key=0D95212E name="Flame" source=default-loaded loaded=1 path="models\effects.fxp"
REGISTER key=0B42CDA4 name="insects" source=default-loaded loaded=1 path="models\effects.fxp"
REGISTER key=AA380B7D name="smoke30lit" source=default-loaded loaded=1 path="models\effects.fxp"
REGISTER key=E849E9F3 name="smoke30m" source=default-loaded loaded=1 path="models\effects.fxp"
REGISTER key=2578FEDD name="smoke50lit" source=default-loaded loaded=1 path="models\effects.fxp"
REGISTER key=4470C8D0 name="vent" source=default-loaded loaded=1 path="models\effects.fxp"
REGISTER key=4E40F39C name="vent2" source=default-loaded loaded=1 path="models\effects.fxp"
REGISTER key=D187055C name="waterfall_end" source=default-loaded loaded=1 path="models\effects.fxp"
REGISTER key=2B42C688 name="water_fnt_tme" source=default-loaded loaded=1 path="models\effects.fxp"
REGISTER key=E728F508 name="water_fountain" source=default-loaded loaded=1 path="models\effects.fxp"
REGISTER key=2A927463 name="tree_hit_fir" source=default-loaded loaded=1 path="models\effects.fxp"
REGISTER key=73DCF99F name="tree_hit_palm" source=default-loaded loaded=1 path="models\effects.fxp"
REGISTER key=A9D5B372 name="blood_heli" source=default-loaded loaded=1 path="models\effects.fxp"
REGISTER key=4B918E5E name="carwashspray" source=default-loaded loaded=1 path="models\effects.fxp"
REGISTER key=4A31C90A name="cement" source=default-loaded loaded=1 path="models\effects.fxp"
REGISTER key=F11F1A00 name="cloudfast" source=default-loaded loaded=1 path="models\effects.fxp"
REGISTER key=3568094B name="coke_puff" source=default-loaded loaded=1 path="models\effects.fxp"
REGISTER key=74D16999 name="coke_trail" source=default-loaded loaded=1 path="models\effects.fxp"
REGISTER key=F4B13F35 name="explosion_barrel" source=default-loaded loaded=1 path="models\effects.fxp"
REGISTER key=527C0F34 name="explosion_crate" source=default-loaded loaded=1 path="models\effects.fxp"
REGISTER key=EA2482D7 name="explosion_door" source=default-loaded loaded=1 path="models\effects.fxp"
REGISTER key=9DBE0BA1 name="petrolcan" source=default-loaded loaded=1 path="models\effects.fxp"
REGISTER key=6AFAE0CB name="puke" source=default-loaded loaded=1 path="models\effects.fxp"
REGISTER key=A491FDB7 name="shootlight" source=default-loaded loaded=1 path="models\effects.fxp"
REGISTER key=7945ACE5 name="smoke_flare" source=default-loaded loaded=1 path="models\effects.fxp"
REGISTER key=64213C4C name="wallbust" source=default-loaded loaded=1 path="models\effects.fxp"
REGISTER key=CDC9CEE3 name="WS_factorysmoke" source=default-loaded loaded=1 path="models\effects.fxp"
