Starting fastman92 limit adjuster 7.6, compilation time: Jun 14 2024 06:14:37 (UTC)
Website: http://fastman92.com

Launch time: 19-6-2026 7:07:20 (UTC), 02:07 (local)
Launched during the night.

Solution platform: WIN_X86
FASTMAN92_LIMIT_ADJUSTER_RELEASE_DIRECTORY is not defined. Documentation files will not be written.
App detected: GTA SA 1.0 US HOODLUM 14383616 bytes
App uses dynamic image base? No
App preferred image base: 0x400000
App current image base: 0x400000

Number of FLA modules: 75
Delayed processing of limits? No

Root base directory: 
Root directory: D:\Games\GTA San Andreas VanillaZIPPED\RetroRevisedalakay\GTA San Andreas RR alakay
Initial directory: D:\Games\GTA San Andreas VanillaZIPPED\RetroRevisedalakay\GTA San Andreas RR alakay
INI filename: fastman92limitAdjuster_GTASA.ini

---------------------------------------------
Modified count of killable model IDs: 20000
---------------------------------------------
---------------------------------------------
Format of new savefiles will be different: patch for save game of variable length is applied!
Format of new savefiles will be different: patch for pickups is applied.

Modified limit of 'IPL:PICK' to: 9999, pickups collected: 20
---------------------------------------------
Modified limit of DIRECTORY LIMITS: Cutscene directory to: 800
---------------------------------------------
Modified limit of DIRECTORY LIMITS: Clothes directory to: 800
---------------------------------------------
SPECIAL: Disable CINFO.BIN and MINFO.BIN loading
---------------------------------------------
Weapon type loader is enabled. NumberOfWeaponTypes = 120.
Melee combo type loader is enabled. Max number of melee combos = 30.
---------------------------------------------
FLA loading text is disabled.
---------------------------------------------
Number of memory changes made: 591
---------------------------------------------
Game closed.